Batch Verification started at Fri Dec 26 17:43:48 2025

--- Verifying BITCOUNT (fixed) ---
JUnit version 4.13.2
.........
Time: 0.01

OK (9 tests)


Tests Passed!

----------------------------------------
--- Verifying BREADTH_FIRST_SEARCH (fixed) ---
Compilation Failed:
warning: [options] bootstrap class path is not set in conjunction with -source 8
  not setting the bootstrap class path may lead to class files that cannot run on JDK 8
    --release 8 is recommended instead of -source 8 -target 1.8 because it sets the bootstrap class path automatically
warning: [options] source value 8 is obsolete and will be removed in a future release
warning: [options] target value 8 is obsolete and will be removed in a future release
warning: [options] To suppress warnings about obsolete options, use -Xlint:-options.
D:\4th year\Fall\Ai\Project\Ai Project\adaptive_repair\build_tmp\java_testcases\junit\BREADTH_FIRST_SEARCH_TEST.java:27: error: method breadth_first_search in class BREADTH_FIRST_SEARCH cannot be applied to given types;
        Boolean result = BREADTH_FIRST_SEARCH.breadth_first_search(station6, station1);
                                             ^
  required: T,T
  found:    Node,Node
  reason: inference variable T has incompatible bounds
    upper bounds: GraphNode<T>
    lower bounds: Node
  where T is a type-variable:
    T extends GraphNode<T> declared in method <T>breadth_first_search(T,T)
D:\4th year\Fall\Ai\Project\Ai Project\adaptive_repair\build_tmp\java_testcases\junit\BREADTH_FIRST_SEARCH_TEST.java:51: error: method breadth_first_search in class BREADTH_FIRST_SEARCH cannot be applied to given types;
        Boolean result = BREADTH_FIRST_SEARCH.breadth_first_search(nodea, nodee);
                                             ^
  required: T,T
  found:    Node,Node
  reason: inference variable T has incompatible bounds
    upper bounds: GraphNode<T>
    lower bounds: Node
  where T is a type-variable:
    T extends GraphNode<T> declared in method <T>breadth_first_search(T,T)
D:\4th year\Fall\Ai\Project\Ai Project\adaptive_repair\build_tmp\java_testcases\junit\BREADTH_FIRST_SEARCH_TEST.java:73: error: method breadth_first_search in class BREADTH_FIRST_SEARCH cannot be applied to given types;
        Boolean result = BREADTH_FIRST_SEARCH.breadth_first_search(nodef, nodee);
                                             ^
  required: T,T
  found:    Node,Node
  reason: inference variable T has incompatible bounds
    upper bounds: GraphNode<T>
    lower bounds: Node
  where T is a type-variable:
    T extends GraphNode<T> declared in method <T>breadth_first_search(T,T)
D:\4th year\Fall\Ai\Project\Ai Project\adaptive_repair\build_tmp\java_testcases\junit\BREADTH_FIRST_SEARCH_TEST.java:91: error: method breadth_first_search in class BREADTH_FIRST_SEARCH cannot be applied to given types;
        Boolean result = BREADTH_FIRST_SEARCH.breadth_first_search(nodef, nodef);
                                             ^
  required: T,T
  found:    Node,Node
  reason: inference variable T has incompatible bounds
    upper bounds: GraphNode<T>
    lower bounds: Node
  where T is a type-variable:
    T extends GraphNode<T> declared in method <T>breadth_first_search(T,T)
D:\4th year\Fall\Ai\Project\Ai Project\adaptive_repair\build_tmp\java_testcases\junit\BREADTH_FIRST_SEARCH_TEST.java:114: error: method breadth_first_search in class BREADTH_FIRST_SEARCH cannot be applied to given types;
        Boolean result = BREADTH_FIRST_SEARCH.breadth_first_search(node6, node1);
                                             ^
  required: T,T
  found:    Node,Node
  reason: inference variable T has incompatible bounds
    upper bounds: GraphNode<T>
    lower bounds: Node
  where T is a type-variable:
    T extends GraphNode<T> declared in method <T>breadth_first_search(T,T)
5 errors
4 warnings


----------------------------------------
--- Verifying BUCKETSORT (fixed) ---
JUnit version 4.13.2
......
Time: 0.011

OK (6 tests)


Tests Passed!

----------------------------------------
--- Verifying DEPTH_FIRST_SEARCH (fixed) ---
JUnit version 4.13.2
.....
Time: 0.005

OK (5 tests)


Tests Passed!

----------------------------------------
--- Verifying DETECT_CYCLE (fixed) ---
JUnit version 4.13.2
......
Time: 0.01

OK (6 tests)


Tests Passed!

----------------------------------------
--- Verifying FIND_FIRST_IN_SORTED (fixed) ---
JUnit version 4.13.2
.......
Time: 0.01

OK (7 tests)


Tests Passed!

----------------------------------------
--- Verifying FIND_IN_SORTED (fixed) ---
JUnit version 4.13.2
.......
Time: 0.012

OK (7 tests)


Tests Passed!

----------------------------------------
--- Verifying FLATTEN (fixed) ---
JUnit version 4.13.2
.......
Time: 0.012

OK (7 tests)


Tests Passed!

----------------------------------------
--- Verifying GCD (fixed) ---
JUnit version 4.13.2
.....
Time: 0.013

OK (5 tests)


Tests Passed!

----------------------------------------
--- Verifying GET_FACTORS (fixed) ---
Compilation Failed:
warning: [options] bootstrap class path is not set in conjunction with -source 8
  not setting the bootstrap class path may lead to class files that cannot run on JDK 8
    --release 8 is recommended instead of -source 8 -target 1.8 because it sets the bootstrap class path automatically
warning: [options] source value 8 is obsolete and will be removed in a future release
warning: [options] target value 8 is obsolete and will be removed in a future release
warning: [options] To suppress warnings about obsolete options, use -Xlint:-options.
D:\4th year\Fall\Ai\Project\Ai Project\adaptive_repair\build_tmp\java_testcases\junit\GET_FACTORS_TEST.java:7: error: cannot find symbol
        java.util.ArrayList result = java_programs.GET_FACTORS.get_factors((int)1);
                                                              ^
  symbol:   method get_factors(int)
  location: class GET_FACTORS
D:\4th year\Fall\Ai\Project\Ai Project\adaptive_repair\build_tmp\java_testcases\junit\GET_FACTORS_TEST.java:14: error: cannot find symbol
        java.util.ArrayList result = java_programs.GET_FACTORS.get_factors((int)100);
                                                              ^
  symbol:   method get_factors(int)
  location: class GET_FACTORS
D:\4th year\Fall\Ai\Project\Ai Project\adaptive_repair\build_tmp\java_testcases\junit\GET_FACTORS_TEST.java:21: error: cannot find symbol
        java.util.ArrayList result = java_programs.GET_FACTORS.get_factors((int)101);
                                                              ^
  symbol:   method get_factors(int)
  location: class GET_FACTORS
D:\4th year\Fall\Ai\Project\Ai Project\adaptive_repair\build_tmp\java_testcases\junit\GET_FACTORS_TEST.java:28: error: cannot find symbol
        java.util.ArrayList result = java_programs.GET_FACTORS.get_factors((int)104);
                                                              ^
  symbol:   method get_factors(int)
  location: class GET_FACTORS
D:\4th year\Fall\Ai\Project\Ai Project\adaptive_repair\build_tmp\java_testcases\junit\GET_FACTORS_TEST.java:35: error: cannot find symbol
        java.util.ArrayList result = java_programs.GET_FACTORS.get_factors((int)2);
                                                              ^
  symbol:   method get_factors(int)
  location: class GET_FACTORS
D:\4th year\Fall\Ai\Project\Ai Project\adaptive_repair\build_tmp\java_testcases\junit\GET_FACTORS_TEST.java:42: error: cannot find symbol
        java.util.ArrayList result = java_programs.GET_FACTORS.get_factors((int)3);
                                                              ^
  symbol:   method get_factors(int)
  location: class GET_FACTORS
D:\4th year\Fall\Ai\Project\Ai Project\adaptive_repair\build_tmp\java_testcases\junit\GET_FACTORS_TEST.java:49: error: cannot find symbol
        java.util.ArrayList result = java_programs.GET_FACTORS.get_factors((int)17);
                                                              ^
  symbol:   method get_factors(int)
  location: class GET_FACTORS
D:\4th year\Fall\Ai\Project\Ai Project\adaptive_repair\build_tmp\java_testcases\junit\GET_FACTORS_TEST.java:56: error: cannot find symbol
        java.util.ArrayList result = java_programs.GET_FACTORS.get_factors((int)63);
                                                              ^
  symbol:   method get_factors(int)
  location: class GET_FACTORS
D:\4th year\Fall\Ai\Project\Ai Project\adaptive_repair\build_tmp\java_testcases\junit\GET_FACTORS_TEST.java:63: error: cannot find symbol
        java.util.ArrayList result = java_programs.GET_FACTORS.get_factors((int)74);
                                                              ^
  symbol:   method get_factors(int)
  location: class GET_FACTORS
D:\4th year\Fall\Ai\Project\Ai Project\adaptive_repair\build_tmp\java_testcases\junit\GET_FACTORS_TEST.java:70: error: cannot find symbol
        java.util.ArrayList result = java_programs.GET_FACTORS.get_factors((int)73);
                                                              ^
  symbol:   method get_factors(int)
  location: class GET_FACTORS
D:\4th year\Fall\Ai\Project\Ai Project\adaptive_repair\build_tmp\java_testcases\junit\GET_FACTORS_TEST.java:77: error: cannot find symbol
        java.util.ArrayList result = java_programs.GET_FACTORS.get_factors((int)9837);
                                                              ^
  symbol:   method get_factors(int)
  location: class GET_FACTORS
11 errors
4 warnings


----------------------------------------
--- Verifying HANOI (fixed) ---
JUnit version 4.13.2
.......
Time: 0.014

OK (7 tests)


Tests Passed!

----------------------------------------
--- Verifying IS_VALID_PARENTHESIZATION (fixed) ---
JUnit version 4.13.2
...
Time: 0.014

OK (3 tests)


Tests Passed!

----------------------------------------
--- Verifying KHEAPSORT (fixed) ---
Compilation Failed:
warning: [options] bootstrap class path is not set in conjunction with -source 8
  not setting the bootstrap class path may lead to class files that cannot run on JDK 8
    --release 8 is recommended instead of -source 8 -target 1.8 because it sets the bootstrap class path automatically
warning: [options] source value 8 is obsolete and will be removed in a future release
warning: [options] target value 8 is obsolete and will be removed in a future release
warning: [options] To suppress warnings about obsolete options, use -Xlint:-options.
D:\4th year\Fall\Ai\Project\Ai Project\adaptive_repair\build_tmp\java_testcases\junit\KHEAPSORT_TEST.java:7: error: incompatible types: ArrayList cannot be converted to int[]
        java.util.ArrayList result = java_programs.KHEAPSORT.kheapsort(new java.util.ArrayList(java.util.Arrays.asList(1,2,3,4,5)),(int)0);
                                                                       ^
D:\4th year\Fall\Ai\Project\Ai Project\adaptive_repair\build_tmp\java_testcases\junit\KHEAPSORT_TEST.java:14: error: incompatible types: ArrayList cannot be converted to int[]
        java.util.ArrayList result = java_programs.KHEAPSORT.kheapsort(new java.util.ArrayList(java.util.Arrays.asList(3,2,1,5,4)),(int)2);
                                                                       ^
D:\4th year\Fall\Ai\Project\Ai Project\adaptive_repair\build_tmp\java_testcases\junit\KHEAPSORT_TEST.java:21: error: incompatible types: ArrayList cannot be converted to int[]
        java.util.ArrayList result = java_programs.KHEAPSORT.kheapsort(new java.util.ArrayList(java.util.Arrays.asList(5,4,3,2,1)),(int)4);
                                                                       ^
D:\4th year\Fall\Ai\Project\Ai Project\adaptive_repair\build_tmp\java_testcases\junit\KHEAPSORT_TEST.java:28: error: incompatible types: ArrayList cannot be converted to int[]
        java.util.ArrayList result = java_programs.KHEAPSORT.kheapsort(new java.util.ArrayList(java.util.Arrays.asList(3,12,5,1,6)),(int)3);
                                                                       ^
Note: D:\4th year\Fall\Ai\Project\Ai Project\adaptive_repair\build_tmp\java_testcases\junit\KHEAPSORT_TEST.java uses unchecked or unsafe operations.
Note: Recompile with -Xlint:unchecked for details.
Note: Some messages have been simplified; recompile with -Xdiags:verbose to get full output
4 errors
4 warnings


----------------------------------------
--- Verifying KNAPSACK (fixed) ---
JUnit version 4.13.2
..........
Time: 0.926

OK (10 tests)


Tests Passed!

----------------------------------------
--- Verifying KTH (fixed) ---
JUnit version 4.13.2
.E.E..E.E.E.E
Time: 0.016
There were 6 failures:
1) test_0(java_testcases.junit.KTH_TEST)
java.lang.AssertionError: expected:<5> but was:<4>
	at org.junit.Assert.fail(Assert.java:89)
	at org.junit.Assert.failNotEquals(Assert.java:835)
	at org.junit.Assert.assertEquals(Assert.java:120)
	at org.junit.Assert.assertEquals(Assert.java:146)
	at java_testcases.junit.KTH_TEST.test_0(KTH_TEST.java:8)
2) test_1(java_testcases.junit.KTH_TEST)
java.lang.AssertionError: expected:<7> but was:<6>
	at org.junit.Assert.fail(Assert.java:89)
	at org.junit.Assert.failNotEquals(Assert.java:835)
	at org.junit.Assert.assertEquals(Assert.java:120)
	at org.junit.Assert.assertEquals(Assert.java:146)
	at java_testcases.junit.KTH_TEST.test_1(KTH_TEST.java:14)
3) test_3(java_testcases.junit.KTH_TEST)
java.lang.IllegalArgumentException: Cannot find k-th element in an empty or null list.
	at java_programs.KTH.kth(KTH.java:11)
	at java_programs.KTH.kth(KTH.java:42)
	at java_testcases.junit.KTH_TEST.test_3(KTH_TEST.java:25)
4) test_4(java_testcases.junit.KTH_TEST)
java.lang.AssertionError: expected:<34> but was:<25>
	at org.junit.Assert.fail(Assert.java:89)
	at org.junit.Assert.failNotEquals(Assert.java:835)
	at org.junit.Assert.assertEquals(Assert.java:120)
	at org.junit.Assert.assertEquals(Assert.java:146)
	at java_testcases.junit.KTH_TEST.test_4(KTH_TEST.java:32)
5) test_5(java_testcases.junit.KTH_TEST)
java.lang.AssertionError: expected:<6> but was:<2>
	at org.junit.Assert.fail(Assert.java:89)
	at org.junit.Assert.failNotEquals(Assert.java:835)
	at org.junit.Assert.assertEquals(Assert.java:120)
	at org.junit.Assert.assertEquals(Assert.java:146)
	at java_testcases.junit.KTH_TEST.test_5(KTH_TEST.java:38)
6) test_6(java_testcases.junit.KTH_TEST)
java.lang.AssertionError: expected:<322> but was:<90>
	at org.junit.Assert.fail(Assert.java:89)
	at org.junit.Assert.failNotEquals(Assert.java:835)
	at org.junit.Assert.assertEquals(Assert.java:120)
	at org.junit.Assert.assertEquals(Assert.java:146)
	at java_testcases.junit.KTH_TEST.test_6(KTH_TEST.java:44)

FAILURES!!!
Tests run: 7,  Failures: 6


Tests Failed.

----------------------------------------
--- Verifying LCS_LENGTH (fixed) ---
JUnit version 4.13.2
.E....E...E.E
Time: 0.01
There were 4 failures:
1) test_0(java_testcases.junit.LCS_LENGTH_TEST)
java.lang.AssertionError: expected:<2> but was:<4>
	at org.junit.Assert.fail(Assert.java:89)
	at org.junit.Assert.failNotEquals(Assert.java:835)
	at org.junit.Assert.assertEquals(Assert.java:120)
	at org.junit.Assert.assertEquals(Assert.java:146)
	at java_testcases.junit.LCS_LENGTH_TEST.test_0(LCS_LENGTH_TEST.java:8)
2) test_4(java_testcases.junit.LCS_LENGTH_TEST)
java.lang.AssertionError: expected:<3> but was:<4>
	at org.junit.Assert.fail(Assert.java:89)
	at org.junit.Assert.failNotEquals(Assert.java:835)
	at org.junit.Assert.assertEquals(Assert.java:120)
	at org.junit.Assert.assertEquals(Assert.java:146)
	at java_testcases.junit.LCS_LENGTH_TEST.test_4(LCS_LENGTH_TEST.java:32)
3) test_7(java_testcases.junit.LCS_LENGTH_TEST)
java.lang.AssertionError: expected:<3> but was:<5>
	at org.junit.Assert.fail(Assert.java:89)
	at org.junit.Assert.failNotEquals(Assert.java:835)
	at org.junit.Assert.assertEquals(Assert.java:120)
	at org.junit.Assert.assertEquals(Assert.java:146)
	at java_testcases.junit.LCS_LENGTH_TEST.test_7(LCS_LENGTH_TEST.java:50)
4) test_8(java_testcases.junit.LCS_LENGTH_TEST)
java.lang.AssertionError: expected:<3> but was:<6>
	at org.junit.Assert.fail(Assert.java:89)
	at org.junit.Assert.failNotEquals(Assert.java:835)
	at org.junit.Assert.assertEquals(Assert.java:120)
	at org.junit.Assert.assertEquals(Assert.java:146)
	at java_testcases.junit.LCS_LENGTH_TEST.test_8(LCS_LENGTH_TEST.java:56)

FAILURES!!!
Tests run: 9,  Failures: 4


Tests Failed.

----------------------------------------
--- Verifying LEVENSHTEIN (fixed) ---
JUnit version 4.13.2
...I...
Time: 0.01

OK (6 tests)


Tests Passed!

----------------------------------------
--- Verifying LIS (fixed) ---
JUnit version 4.13.2
....
Time: 0.011

OK (4 tests)


Tests Passed!

----------------------------------------
--- Verifying LONGEST_COMMON_SUBSEQUENCE (fixed) ---
Compilation Failed:
warning: [options] bootstrap class path is not set in conjunction with -source 8
  not setting the bootstrap class path may lead to class files that cannot run on JDK 8
    --release 8 is recommended instead of -source 8 -target 1.8 because it sets the bootstrap class path automatically
warning: [options] source value 8 is obsolete and will be removed in a future release
warning: [options] target value 8 is obsolete and will be removed in a future release
warning: [options] To suppress warnings about obsolete options, use -Xlint:-options.
D:\4th year\Fall\Ai\Project\Ai Project\adaptive_repair\build_tmp\java_testcases\junit\LONGEST_COMMON_SUBSEQUENCE_TEST.java:7: error: cannot find symbol
        java.lang.String result = java_programs.LONGEST_COMMON_SUBSEQUENCE.longest_common_subsequence((java.lang.String)"headache",(java.lang.String)"pentadactyl");
                                                                          ^
  symbol:   method longest_common_subsequence(String,String)
  location: class LONGEST_COMMON_SUBSEQUENCE
D:\4th year\Fall\Ai\Project\Ai Project\adaptive_repair\build_tmp\java_testcases\junit\LONGEST_COMMON_SUBSEQUENCE_TEST.java:14: error: cannot find symbol
        java.lang.String result = java_programs.LONGEST_COMMON_SUBSEQUENCE.longest_common_subsequence((java.lang.String)"daenarys",(java.lang.String)"targaryen");
                                                                          ^
  symbol:   method longest_common_subsequence(String,String)
  location: class LONGEST_COMMON_SUBSEQUENCE
D:\4th year\Fall\Ai\Project\Ai Project\adaptive_repair\build_tmp\java_testcases\junit\LONGEST_COMMON_SUBSEQUENCE_TEST.java:21: error: cannot find symbol
        java.lang.String result = java_programs.LONGEST_COMMON_SUBSEQUENCE.longest_common_subsequence((java.lang.String)"XMJYAUZ",(java.lang.String)"MZJAWXU");
                                                                          ^
  symbol:   method longest_common_subsequence(String,String)
  location: class LONGEST_COMMON_SUBSEQUENCE
D:\4th year\Fall\Ai\Project\Ai Project\adaptive_repair\build_tmp\java_testcases\junit\LONGEST_COMMON_SUBSEQUENCE_TEST.java:28: error: cannot find symbol
        java.lang.String result = java_programs.LONGEST_COMMON_SUBSEQUENCE.longest_common_subsequence((java.lang.String)"thisisatest",(java.lang.String)"testing123testing");
                                                                          ^
  symbol:   method longest_common_subsequence(String,String)
  location: class LONGEST_COMMON_SUBSEQUENCE
D:\4th year\Fall\Ai\Project\Ai Project\adaptive_repair\build_tmp\java_testcases\junit\LONGEST_COMMON_SUBSEQUENCE_TEST.java:35: error: cannot find symbol
        java.lang.String result = java_programs.LONGEST_COMMON_SUBSEQUENCE.longest_common_subsequence((java.lang.String)"1234",(java.lang.String)"1224533324");
                                                                          ^
  symbol:   method longest_common_subsequence(String,String)
  location: class LONGEST_COMMON_SUBSEQUENCE
D:\4th year\Fall\Ai\Project\Ai Project\adaptive_repair\build_tmp\java_testcases\junit\LONGEST_COMMON_SUBSEQUENCE_TEST.java:42: error: cannot find symbol
        java.lang.String result = java_programs.LONGEST_COMMON_SUBSEQUENCE.longest_common_subsequence((java.lang.String)"abcbdab",(java.lang.String)"bdcaba");
                                                                          ^
  symbol:   method longest_common_subsequence(String,String)
  location: class LONGEST_COMMON_SUBSEQUENCE
D:\4th year\Fall\Ai\Project\Ai Project\adaptive_repair\build_tmp\java_testcases\junit\LONGEST_COMMON_SUBSEQUENCE_TEST.java:49: error: cannot find symbol
        java.lang.String result = java_programs.LONGEST_COMMON_SUBSEQUENCE.longest_common_subsequence((java.lang.String)"TATAGC",(java.lang.String)"TAGCAG");
                                                                          ^
  symbol:   method longest_common_subsequence(String,String)
  location: class LONGEST_COMMON_SUBSEQUENCE
D:\4th year\Fall\Ai\Project\Ai Project\adaptive_repair\build_tmp\java_testcases\junit\LONGEST_COMMON_SUBSEQUENCE_TEST.java:56: error: cannot find symbol
        java.lang.String result = java_programs.LONGEST_COMMON_SUBSEQUENCE.longest_common_subsequence((java.lang.String)"ABCBDAB",(java.lang.String)"BDCABA");
                                                                          ^
  symbol:   method longest_common_subsequence(String,String)
  location: class LONGEST_COMMON_SUBSEQUENCE
D:\4th year\Fall\Ai\Project\Ai Project\adaptive_repair\build_tmp\java_testcases\junit\LONGEST_COMMON_SUBSEQUENCE_TEST.java:63: error: cannot find symbol
        java.lang.String result = java_programs.LONGEST_COMMON_SUBSEQUENCE.longest_common_subsequence((java.lang.String)"ABCD",(java.lang.String)"XBCYDQ");
                                                                          ^
  symbol:   method longest_common_subsequence(String,String)
  location: class LONGEST_COMMON_SUBSEQUENCE
D:\4th year\Fall\Ai\Project\Ai Project\adaptive_repair\build_tmp\java_testcases\junit\LONGEST_COMMON_SUBSEQUENCE_TEST.java:70: error: cannot find symbol
        java.lang.String result = java_programs.LONGEST_COMMON_SUBSEQUENCE.longest_common_subsequence((java.lang.String)"acbdegcedbg",(java.lang.String)"begcfeubk");
                                                                          ^
  symbol:   method longest_common_subsequence(String,String)
  location: class LONGEST_COMMON_SUBSEQUENCE
10 errors
4 warnings


----------------------------------------
--- Verifying MAX_SUBLIST_SUM (fixed) ---
JUnit version 4.13.2
.....E.
Time: 0.01
There was 1 failure:
1) test_4(java_testcases.junit.MAX_SUBLIST_SUM_TEST)
java.lang.AssertionError: expected:<0> but was:<-4>
	at org.junit.Assert.fail(Assert.java:89)
	at org.junit.Assert.failNotEquals(Assert.java:835)
	at org.junit.Assert.assertEquals(Assert.java:647)
	at org.junit.Assert.assertEquals(Assert.java:633)
	at java_testcases.junit.MAX_SUBLIST_SUM_TEST.test_4(MAX_SUBLIST_SUM_TEST.java:32)

FAILURES!!!
Tests run: 6,  Failures: 1


Tests Failed.

----------------------------------------
--- Verifying MERGESORT (fixed) ---
JUnit version 4.13.2
.............
Time: 0.015

OK (13 tests)


Tests Passed!

----------------------------------------
--- Verifying MINIMUM_SPANNING_TREE (fixed) ---
Compilation Failed:
warning: [options] bootstrap class path is not set in conjunction with -source 8
  not setting the bootstrap class path may lead to class files that cannot run on JDK 8
    --release 8 is recommended instead of -source 8 -target 1.8 because it sets the bootstrap class path automatically
warning: [options] source value 8 is obsolete and will be removed in a future release
warning: [options] target value 8 is obsolete and will be removed in a future release
warning: [options] To suppress warnings about obsolete options, use -Xlint:-options.
D:\4th year\Fall\Ai\Project\Ai Project\adaptive_repair\build_tmp\java_testcases\junit\MINIMUM_SPANNING_TREE_TEST.java:38: error: incompatible types: List<WeightedEdge> cannot be converted to List<Edge>
        Set<WeightedEdge> minspantree = MINIMUM_SPANNING_TREE.minimum_spanning_tree(graph);
                                                                                    ^
D:\4th year\Fall\Ai\Project\Ai Project\adaptive_repair\build_tmp\java_testcases\junit\MINIMUM_SPANNING_TREE_TEST.java:72: error: incompatible types: List<WeightedEdge> cannot be converted to List<Edge>
        Set<WeightedEdge> minspantree = MINIMUM_SPANNING_TREE.minimum_spanning_tree(graph);
                                                                                    ^
D:\4th year\Fall\Ai\Project\Ai Project\adaptive_repair\build_tmp\java_testcases\junit\MINIMUM_SPANNING_TREE_TEST.java:100: error: incompatible types: List<WeightedEdge> cannot be converted to List<Edge>
        Set<WeightedEdge> minspantree = MINIMUM_SPANNING_TREE.minimum_spanning_tree(graph);
                                                                                    ^
Note: Some messages have been simplified; recompile with -Xdiags:verbose to get full output
3 errors
4 warnings


----------------------------------------
--- Verifying NEXT_PALINDROME (fixed) ---
JUnit version 4.13.2
.....
Time: 0.01

OK (5 tests)


Tests Passed!

----------------------------------------
--- Verifying NEXT_PERMUTATION (fixed) ---
JUnit version 4.13.2
........
Time: 0.016

OK (8 tests)


Tests Passed!

----------------------------------------
--- Verifying PASCAL (fixed) ---
JUnit version 4.13.2
.....
Time: 0.012

OK (5 tests)


Tests Passed!

----------------------------------------
--- Verifying POSSIBLE_CHANGE (fixed) ---
JUnit version 4.13.2
.........
Time: 0.012

OK (9 tests)


Tests Passed!

----------------------------------------
--- Verifying POWERSET (fixed) ---
Compilation Failed:
warning: [options] bootstrap class path is not set in conjunction with -source 8
  not setting the bootstrap class path may lead to class files that cannot run on JDK 8
    --release 8 is recommended instead of -source 8 -target 1.8 because it sets the bootstrap class path automatically
warning: [options] source value 8 is obsolete and will be removed in a future release
warning: [options] target value 8 is obsolete and will be removed in a future release
warning: [options] To suppress warnings about obsolete options, use -Xlint:-options.
D:\4th year\Fall\Ai\Project\Ai Project\adaptive_repair\build_tmp\java_testcases\junit\POWERSET_TEST.java:7: error: incompatible types: List cannot be converted to ArrayList
        java.util.ArrayList result = java_programs.POWERSET.powerset(new java.util.ArrayList(java.util.Arrays.asList("a","b","c")));
                                                                    ^
D:\4th year\Fall\Ai\Project\Ai Project\adaptive_repair\build_tmp\java_testcases\junit\POWERSET_TEST.java:14: error: incompatible types: List cannot be converted to ArrayList
        java.util.ArrayList result = java_programs.POWERSET.powerset(new java.util.ArrayList(java.util.Arrays.asList("a","b")));
                                                                    ^
D:\4th year\Fall\Ai\Project\Ai Project\adaptive_repair\build_tmp\java_testcases\junit\POWERSET_TEST.java:21: error: incompatible types: List cannot be converted to ArrayList
        java.util.ArrayList result = java_programs.POWERSET.powerset(new java.util.ArrayList(java.util.Arrays.asList("a")));
                                                                    ^
D:\4th year\Fall\Ai\Project\Ai Project\adaptive_repair\build_tmp\java_testcases\junit\POWERSET_TEST.java:28: error: incompatible types: List cannot be converted to ArrayList
        java.util.ArrayList result = java_programs.POWERSET.powerset(new java.util.ArrayList(java.util.Arrays.asList()));
                                                                    ^
D:\4th year\Fall\Ai\Project\Ai Project\adaptive_repair\build_tmp\java_testcases\junit\POWERSET_TEST.java:35: error: incompatible types: List cannot be converted to ArrayList
        java.util.ArrayList result = java_programs.POWERSET.powerset(new java.util.ArrayList(java.util.Arrays.asList("x","df","z","m")));
                                                                    ^
Note: D:\4th year\Fall\Ai\Project\Ai Project\adaptive_repair\build_tmp\java_testcases\junit\POWERSET_TEST.java uses unchecked or unsafe operations.
Note: Recompile with -Xlint:unchecked for details.
5 errors
4 warnings


----------------------------------------
--- Verifying QUICKSORT (fixed) ---
JUnit version 4.13.2
.............
Time: 0.017

OK (13 tests)


Tests Passed!

----------------------------------------
--- Verifying REVERSE_LINKED_LIST (fixed) ---
JUnit version 4.13.2
...
Time: 0.005

OK (3 tests)


Tests Passed!

----------------------------------------
--- Verifying RPN_EVAL (fixed) ---
JUnit version 4.13.2
......
Time: 0.052

OK (6 tests)


Tests Passed!

----------------------------------------
--- Verifying SHORTEST_PATHS (fixed) ---
Compilation Failed:
warning: [options] bootstrap class path is not set in conjunction with -source 8
  not setting the bootstrap class path may lead to class files that cannot run on JDK 8
    --release 8 is recommended instead of -source 8 -target 1.8 because it sets the bootstrap class path automatically
warning: [options] source value 8 is obsolete and will be removed in a future release
warning: [options] target value 8 is obsolete and will be removed in a future release
warning: [options] To suppress warnings about obsolete options, use -Xlint:-options.
D:\4th year\Fall\Ai\Project\Ai Project\adaptive_repair\build_tmp\java_testcases\junit\SHORTEST_PATHS_TEST.java:32: error: no suitable method found for shortest_paths(String,Map<List<String>,Integer>)
        weight_by_node = SHORTEST_PATHS.shortest_paths("A", graph);
                                       ^
    method SHORTEST_PATHS.shortest_paths(int,Map<Pair<Integer,Integer>,Integer>) is not applicable
      (argument mismatch; String cannot be converted to int)
    method SHORTEST_PATHS.shortest_paths(Node,List<WeightedEdge>) is not applicable
      (argument mismatch; String cannot be converted to Node)
D:\4th year\Fall\Ai\Project\Ai Project\adaptive_repair\build_tmp\java_testcases\junit\SHORTEST_PATHS_TEST.java:53: error: no suitable method found for shortest_paths(String,Map<List<String>,Integer>)
        weight_by_node = SHORTEST_PATHS.shortest_paths("A", graph2);
                                       ^
    method SHORTEST_PATHS.shortest_paths(int,Map<Pair<Integer,Integer>,Integer>) is not applicable
      (argument mismatch; String cannot be converted to int)
    method SHORTEST_PATHS.shortest_paths(Node,List<WeightedEdge>) is not applicable
      (argument mismatch; String cannot be converted to Node)
D:\4th year\Fall\Ai\Project\Ai Project\adaptive_repair\build_tmp\java_testcases\junit\SHORTEST_PATHS_TEST.java:75: error: no suitable method found for shortest_paths(String,Map<List<String>,Integer>)
        weight_by_node = SHORTEST_PATHS.shortest_paths("A", graph2);
                                       ^
    method SHORTEST_PATHS.shortest_paths(int,Map<Pair<Integer,Integer>,Integer>) is not applicable
      (argument mismatch; String cannot be converted to int)
    method SHORTEST_PATHS.shortest_paths(Node,List<WeightedEdge>) is not applicable
      (argument mismatch; String cannot be converted to Node)
3 errors
4 warnings


----------------------------------------
--- Verifying SHORTEST_PATH_LENGTH (fixed) ---
Compilation Failed:
warning: [options] bootstrap class path is not set in conjunction with -source 8
  not setting the bootstrap class path may lead to class files that cannot run on JDK 8
    --release 8 is recommended instead of -source 8 -target 1.8 because it sets the bootstrap class path automatically
warning: [options] source value 8 is obsolete and will be removed in a future release
warning: [options] target value 8 is obsolete and will be removed in a future release
warning: [options] To suppress warnings about obsolete options, use -Xlint:-options.
D:\4th year\Fall\Ai\Project\Ai Project\adaptive_repair\build_tmp\java_testcases\junit\SHORTEST_PATH_LENGTH_TEST.java:12: error: Node is not public in java_programs; cannot be accessed from outside package
import java_programs.Node;
                    ^
D:\4th year\Fall\Ai\Project\Ai Project\adaptive_repair\build_tmp\java_testcases\junit\SHORTEST_PATH_LENGTH_TEST.java:16: error: Node is not public in java_programs; cannot be accessed from outside package
    static Map<List<Node>, Integer> length_by_edge = new HashMap<List<Node>, Integer>();
                    ^
D:\4th year\Fall\Ai\Project\Ai Project\adaptive_repair\build_tmp\java_testcases\junit\SHORTEST_PATH_LENGTH_TEST.java:17: error: Node is not public in java_programs; cannot be accessed from outside package
    static Node node1;
           ^
D:\4th year\Fall\Ai\Project\Ai Project\adaptive_repair\build_tmp\java_testcases\junit\SHORTEST_PATH_LENGTH_TEST.java:18: error: Node is not public in java_programs; cannot be accessed from outside package
    static Node node2;
           ^
D:\4th year\Fall\Ai\Project\Ai Project\adaptive_repair\build_tmp\java_testcases\junit\SHORTEST_PATH_LENGTH_TEST.java:19: error: Node is not public in java_programs; cannot be accessed from outside package
    static Node node3;
           ^
D:\4th year\Fall\Ai\Project\Ai Project\adaptive_repair\build_tmp\java_testcases\junit\SHORTEST_PATH_LENGTH_TEST.java:20: error: Node is not public in java_programs; cannot be accessed from outside package
    static Node node4;
           ^
D:\4th year\Fall\Ai\Project\Ai Project\adaptive_repair\build_tmp\java_testcases\junit\SHORTEST_PATH_LENGTH_TEST.java:21: error: Node is not public in java_programs; cannot be accessed from outside package
    static Node node5;
           ^
D:\4th year\Fall\Ai\Project\Ai Project\adaptive_repair\build_tmp\java_testcases\junit\SHORTEST_PATH_LENGTH_TEST.java:22: error: Node is not public in java_programs; cannot be accessed from outside package
    static Node node0;
           ^
D:\4th year\Fall\Ai\Project\Ai Project\adaptive_repair\build_tmp\java_testcases\junit\SHORTEST_PATH_LENGTH_TEST.java:16: error: Node is not public in java_programs; cannot be accessed from outside package
    static Map<List<Node>, Integer> length_by_edge = new HashMap<List<Node>, Integer>();
                                                                      ^
D:\4th year\Fall\Ai\Project\Ai Project\adaptive_repair\build_tmp\java_testcases\junit\SHORTEST_PATH_LENGTH_TEST.java:25: error: Node is not public in java_programs; cannot be accessed from outside package
        node1 = new Node("1");
                    ^
D:\4th year\Fall\Ai\Project\Ai Project\adaptive_repair\build_tmp\java_testcases\junit\SHORTEST_PATH_LENGTH_TEST.java:26: error: Node is not public in java_programs; cannot be accessed from outside package
        node5 = new Node("5");
                    ^
D:\4th year\Fall\Ai\Project\Ai Project\adaptive_repair\build_tmp\java_testcases\junit\SHORTEST_PATH_LENGTH_TEST.java:27: error: Node is not public in java_programs; cannot be accessed from outside package
        node4 = new Node("4", new ArrayList<Node>(Arrays.asList(node5)));
                    ^
D:\4th year\Fall\Ai\Project\Ai Project\adaptive_repair\build_tmp\java_testcases\junit\SHORTEST_PATH_LENGTH_TEST.java:27: error: Node is not public in java_programs; cannot be accessed from outside package
        node4 = new Node("4", new ArrayList<Node>(Arrays.asList(node5)));
                                            ^
D:\4th year\Fall\Ai\Project\Ai Project\adaptive_repair\build_tmp\java_testcases\junit\SHORTEST_PATH_LENGTH_TEST.java:27: error: incompatible types: no instance(s) of type variable(s) T exist so that List<T> conforms to int
        node4 = new Node("4", new ArrayList<Node>(Arrays.asList(node5)));
                                                               ^
  where T is a type-variable:
    T extends Object declared in method <T>asList(T...)
D:\4th year\Fall\Ai\Project\Ai Project\adaptive_repair\build_tmp\java_testcases\junit\SHORTEST_PATH_LENGTH_TEST.java:28: error: Node is not public in java_programs; cannot be accessed from outside package
        node3 = new Node("3", new ArrayList<Node>(Arrays.asList(node4)));
                    ^
D:\4th year\Fall\Ai\Project\Ai Project\adaptive_repair\build_tmp\java_testcases\junit\SHORTEST_PATH_LENGTH_TEST.java:28: error: Node is not public in java_programs; cannot be accessed from outside package
        node3 = new Node("3", new ArrayList<Node>(Arrays.asList(node4)));
                                            ^
D:\4th year\Fall\Ai\Project\Ai Project\adaptive_repair\build_tmp\java_testcases\junit\SHORTEST_PATH_LENGTH_TEST.java:28: error: incompatible types: no instance(s) of type variable(s) T exist so that List<T> conforms to int
        node3 = new Node("3", new ArrayList<Node>(Arrays.asList(node4)));
                                                               ^
  where T is a type-variable:
    T extends Object declared in method <T>asList(T...)
D:\4th year\Fall\Ai\Project\Ai Project\adaptive_repair\build_tmp\java_testcases\junit\SHORTEST_PATH_LENGTH_TEST.java:29: error: Node is not public in java_programs; cannot be accessed from outside package
        node2 = new Node("2", new ArrayList<Node>(Arrays.asList(node1, node3, node4)));
                    ^
D:\4th year\Fall\Ai\Project\Ai Project\adaptive_repair\build_tmp\java_testcases\junit\SHORTEST_PATH_LENGTH_TEST.java:29: error: Node is not public in java_programs; cannot be accessed from outside package
        node2 = new Node("2", new ArrayList<Node>(Arrays.asList(node1, node3, node4)));
                                            ^
D:\4th year\Fall\Ai\Project\Ai Project\adaptive_repair\build_tmp\java_testcases\junit\SHORTEST_PATH_LENGTH_TEST.java:29: error: incompatible types: no instance(s) of type variable(s) T exist so that List<T> conforms to int
        node2 = new Node("2", new ArrayList<Node>(Arrays.asList(node1, node3, node4)));
                                                               ^
  where T is a type-variable:
    T extends Object declared in method <T>asList(T...)
D:\4th year\Fall\Ai\Project\Ai Project\adaptive_repair\build_tmp\java_testcases\junit\SHORTEST_PATH_LENGTH_TEST.java:30: error: Node is not public in java_programs; cannot be accessed from outside package
        node0 = new Node("0", new ArrayList<Node>(Arrays.asList(node2, node5)));
                    ^
D:\4th year\Fall\Ai\Project\Ai Project\adaptive_repair\build_tmp\java_testcases\junit\SHORTEST_PATH_LENGTH_TEST.java:30: error: Node is not public in java_programs; cannot be accessed from outside package
        node0 = new Node("0", new ArrayList<Node>(Arrays.asList(node2, node5)));
                                            ^
D:\4th year\Fall\Ai\Project\Ai Project\adaptive_repair\build_tmp\java_testcases\junit\SHORTEST_PATH_LENGTH_TEST.java:30: error: incompatible types: no instance(s) of type variable(s) T exist so that List<T> conforms to int
        node0 = new Node("0", new ArrayList<Node>(Arrays.asList(node2, node5)));
                                                               ^
  where T is a type-variable:
    T extends Object declared in method <T>asList(T...)
D:\4th year\Fall\Ai\Project\Ai Project\adaptive_repair\build_tmp\java_testcases\junit\SHORTEST_PATH_LENGTH_TEST.java:31: error: Node is not public in java_programs; cannot be accessed from outside package
        length_by_edge.put(new ArrayList<Node>(Arrays.asList(node0, node2)), 3);
                                         ^
D:\4th year\Fall\Ai\Project\Ai Project\adaptive_repair\build_tmp\java_testcases\junit\SHORTEST_PATH_LENGTH_TEST.java:31: error: incompatible types: no instance(s) of type variable(s) T exist so that List<T> conforms to int
        length_by_edge.put(new ArrayList<Node>(Arrays.asList(node0, node2)), 3);
                                                            ^
  where T is a type-variable:
    T extends Object declared in method <T>asList(T...)
D:\4th year\Fall\Ai\Project\Ai Project\adaptive_repair\build_tmp\java_testcases\junit\SHORTEST_PATH_LENGTH_TEST.java:32: error: Node is not public in java_programs; cannot be accessed from outside package
        length_by_edge.put(new ArrayList<Node>(Arrays.asList(node0, node5)), 10);
                                         ^
D:\4th year\Fall\Ai\Project\Ai Project\adaptive_repair\build_tmp\java_testcases\junit\SHORTEST_PATH_LENGTH_TEST.java:32: error: incompatible types: no instance(s) of type variable(s) T exist so that List<T> conforms to int
        length_by_edge.put(new ArrayList<Node>(Arrays.asList(node0, node5)), 10);
                                                            ^
  where T is a type-variable:
    T extends Object declared in method <T>asList(T...)
D:\4th year\Fall\Ai\Project\Ai Project\adaptive_repair\build_tmp\java_testcases\junit\SHORTEST_PATH_LENGTH_TEST.java:33: error: Node is not public in java_programs; cannot be accessed from outside package
        length_by_edge.put(new ArrayList<Node>(Arrays.asList(node2, node1)), 1);
                                         ^
D:\4th year\Fall\Ai\Project\Ai Project\adaptive_repair\build_tmp\java_testcases\junit\SHORTEST_PATH_LENGTH_TEST.java:33: error: incompatible types: no instance(s) of type variable(s) T exist so that List<T> conforms to int
        length_by_edge.put(new ArrayList<Node>(Arrays.asList(node2, node1)), 1);
                                                            ^
  where T is a type-variable:
    T extends Object declared in method <T>asList(T...)
D:\4th year\Fall\Ai\Project\Ai Project\adaptive_repair\build_tmp\java_testcases\junit\SHORTEST_PATH_LENGTH_TEST.java:34: error: Node is not public in java_programs; cannot be accessed from outside package
        length_by_edge.put(new ArrayList<Node>(Arrays.asList(node2, node3)), 2);
                                         ^
D:\4th year\Fall\Ai\Project\Ai Project\adaptive_repair\build_tmp\java_testcases\junit\SHORTEST_PATH_LENGTH_TEST.java:34: error: incompatible types: no instance(s) of type variable(s) T exist so that List<T> conforms to int
        length_by_edge.put(new ArrayList<Node>(Arrays.asList(node2, node3)), 2);
                                                            ^
  where T is a type-variable:
    T extends Object declared in method <T>asList(T...)
D:\4th year\Fall\Ai\Project\Ai Project\adaptive_repair\build_tmp\java_testcases\junit\SHORTEST_PATH_LENGTH_TEST.java:35: error: Node is not public in java_programs; cannot be accessed from outside package
        length_by_edge.put(new ArrayList<Node>(Arrays.asList(node2, node4)), 4);
                                         ^
D:\4th year\Fall\Ai\Project\Ai Project\adaptive_repair\build_tmp\java_testcases\junit\SHORTEST_PATH_LENGTH_TEST.java:35: error: incompatible types: no instance(s) of type variable(s) T exist so that List<T> conforms to int
        length_by_edge.put(new ArrayList<Node>(Arrays.asList(node2, node4)), 4);
                                                            ^
  where T is a type-variable:
    T extends Object declared in method <T>asList(T...)
D:\4th year\Fall\Ai\Project\Ai Project\adaptive_repair\build_tmp\java_testcases\junit\SHORTEST_PATH_LENGTH_TEST.java:36: error: Node is not public in java_programs; cannot be accessed from outside package
        length_by_edge.put(new ArrayList<Node>(Arrays.asList(node3, node4)), 1);
                                         ^
D:\4th year\Fall\Ai\Project\Ai Project\adaptive_repair\build_tmp\java_testcases\junit\SHORTEST_PATH_LENGTH_TEST.java:36: error: incompatible types: no instance(s) of type variable(s) T exist so that List<T> conforms to int
        length_by_edge.put(new ArrayList<Node>(Arrays.asList(node3, node4)), 1);
                                                            ^
  where T is a type-variable:
    T extends Object declared in method <T>asList(T...)
D:\4th year\Fall\Ai\Project\Ai Project\adaptive_repair\build_tmp\java_testcases\junit\SHORTEST_PATH_LENGTH_TEST.java:37: error: Node is not public in java_programs; cannot be accessed from outside package
        length_by_edge.put(new ArrayList<Node>(Arrays.asList(node4, node5)), 1);
                                         ^
D:\4th year\Fall\Ai\Project\Ai Project\adaptive_repair\build_tmp\java_testcases\junit\SHORTEST_PATH_LENGTH_TEST.java:37: error: incompatible types: no instance(s) of type variable(s) T exist so that List<T> conforms to int
        length_by_edge.put(new ArrayList<Node>(Arrays.asList(node4, node5)), 1);
                                                            ^
  where T is a type-variable:
    T extends Object declared in method <T>asList(T...)
Note: Some messages have been simplified; recompile with -Xdiags:verbose to get full output
37 errors
4 warnings


----------------------------------------
--- Verifying SHORTEST_PATH_LENGTHS (fixed) ---
JUnit version 4.13.2
....
Time: 0.014

OK (4 tests)


Tests Passed!

----------------------------------------
--- Verifying SHUNTING_YARD (fixed) ---
JUnit version 4.13.2
....
Time: 0.012

OK (4 tests)


Tests Passed!

----------------------------------------
--- Verifying SIEVE (fixed) ---
Compilation Failed:
warning: [options] bootstrap class path is not set in conjunction with -source 8
  not setting the bootstrap class path may lead to class files that cannot run on JDK 8
    --release 8 is recommended instead of -source 8 -target 1.8 because it sets the bootstrap class path automatically
warning: [options] source value 8 is obsolete and will be removed in a future release
warning: [options] target value 8 is obsolete and will be removed in a future release
warning: [options] To suppress warnings about obsolete options, use -Xlint:-options.
D:\4th year\Fall\Ai\Project\Ai Project\adaptive_repair\build_tmp\java_testcases\junit\SIEVE_TEST.java:7: error: incompatible types: List<Integer> cannot be converted to ArrayList
        java.util.ArrayList result = java_programs.SIEVE.sieve((java.lang.Integer)1);
                                                              ^
D:\4th year\Fall\Ai\Project\Ai Project\adaptive_repair\build_tmp\java_testcases\junit\SIEVE_TEST.java:14: error: incompatible types: List<Integer> cannot be converted to ArrayList
        java.util.ArrayList result = java_programs.SIEVE.sieve((java.lang.Integer)2);
                                                              ^
D:\4th year\Fall\Ai\Project\Ai Project\adaptive_repair\build_tmp\java_testcases\junit\SIEVE_TEST.java:21: error: incompatible types: List<Integer> cannot be converted to ArrayList
        java.util.ArrayList result = java_programs.SIEVE.sieve((java.lang.Integer)4);
                                                              ^
D:\4th year\Fall\Ai\Project\Ai Project\adaptive_repair\build_tmp\java_testcases\junit\SIEVE_TEST.java:28: error: incompatible types: List<Integer> cannot be converted to ArrayList
        java.util.ArrayList result = java_programs.SIEVE.sieve((java.lang.Integer)7);
                                                              ^
D:\4th year\Fall\Ai\Project\Ai Project\adaptive_repair\build_tmp\java_testcases\junit\SIEVE_TEST.java:35: error: incompatible types: List<Integer> cannot be converted to ArrayList
        java.util.ArrayList result = java_programs.SIEVE.sieve((java.lang.Integer)20);
                                                              ^
D:\4th year\Fall\Ai\Project\Ai Project\adaptive_repair\build_tmp\java_testcases\junit\SIEVE_TEST.java:42: error: incompatible types: List<Integer> cannot be converted to ArrayList
        java.util.ArrayList result = java_programs.SIEVE.sieve((java.lang.Integer)50);
                                                              ^
6 errors
4 warnings


----------------------------------------
--- Verifying SQRT (fixed) ---
JUnit version 4.13.2
.......
Time: 0.014

OK (7 tests)


Tests Passed!

----------------------------------------
--- Verifying SUBSEQUENCES (fixed) ---
JUnit version 4.13.2
...E...E.E.E.E.E.E.E
Time: 0.018
There were 8 failures:
1) test_0(java_testcases.junit.SUBSEQUENCES_TEST)
org.junit.ComparisonFailure: expected:<[[1,2,3],[1,2,4],[1,[3,4],[2,3,4]]]> but was:<[[1,2,3],[1,2,4],[1,[2,5],[1,3,4],[1,3,5],[1,4,5],[2,3,4],[2,3,5],[2,4,5],[3,4,5]]]>
	at org.junit.Assert.assertEquals(Assert.java:117)
	at org.junit.Assert.assertEquals(Assert.java:146)
	at java_testcases.junit.SUBSEQUENCES_TEST.test_0(SUBSEQUENCES_TEST.java:9)
2) test_3(java_testcases.junit.SUBSEQUENCES_TEST)
org.junit.ComparisonFailure: expected:<...6,8],[4,5,6,9],[4,5,[7,8],[4,5,7,9],[4,5,8,9],[4,6,7,8],[4,6,7,9],[4,6,8,9],[4,7,8,9],[5,6,7,8],[5,6,7,9],[5,6,8,9],[5,7,8,9],[6,7,8,9]]]> but was:<...6,8],[4,5,6,9],[4,5,[6,10],[4,5,7,8],[4,5,7,9],[4,5,7,10],[4,5,8,9],[4,5,8,10],[4,5,9,10],[4,6,7,8],[4,6,7,9],[4,6,7,10],[4,6,8,9],[4,6,8,10],[4,6,9,10],[4,7,8,9],[4,7,8,10],[4,7,9,10],[4,8,9,10],[5,6,7,8],[5,6,7,9],[5,6,7,10],[5,6,8,9],[5,6,8,10],[5,6,9,10],[5,7,8,9],[5,7,8,10],[5,7,9,10],[5,8,9,10],[6,7,8,9],[6,7,8,10],[6,7,9,10],[6,8,9,10],[7,8,9,10]]]>
	at org.junit.Assert.assertEquals(Assert.java:117)
	at org.junit.Assert.assertEquals(Assert.java:146)
	at java_testcases.junit.SUBSEQUENCES_TEST.test_3(SUBSEQUENCES_TEST.java:30)
3) test_4(java_testcases.junit.SUBSEQUENCES_TEST)
org.junit.ComparisonFailure: expected:<[[4,5,6,7,8,9][]]> but was:<[[4,5,6,7,8,9][,[4,5,6,7,8,10],[4,5,6,7,9,10],[4,5,6,8,9,10],[4,5,7,8,9,10],[4,6,7,8,9,10],[5,6,7,8,9,10]]]>
	at org.junit.Assert.assertEquals(Assert.java:117)
	at org.junit.Assert.assertEquals(Assert.java:146)
	at java_testcases.junit.SUBSEQUENCES_TEST.test_4(SUBSEQUENCES_TEST.java:37)
4) test_5(java_testcases.junit.SUBSEQUENCES_TEST)
org.junit.ComparisonFailure: expected:<...,[1,7],[1,8],[1,9],[[2,3],[2,4],[2,5],[2,6],[2,7],[2,8],[2,9],[3,4],[3,5],[3,6],[3,7],[3,8],[3,9],[4,5],[4,6],[4,7],[4,8],[4,9],[5,6],[5,7],[5,8],[5,9],[6,7],[6,8],[6,9],[7,8],[7,9],[8,9]]]> but was:<...,[1,7],[1,8],[1,9],[[1,10],[2,3],[2,4],[2,5],[2,6],[2,7],[2,8],[2,9],[2,10],[3,4],[3,5],[3,6],[3,7],[3,8],[3,9],[3,10],[4,5],[4,6],[4,7],[4,8],[4,9],[4,10],[5,6],[5,7],[5,8],[5,9],[5,10],[6,7],[6,8],[6,9],[6,10],[7,8],[7,9],[7,10],[8,9],[8,10],[9,10]]]>
	at org.junit.Assert.assertEquals(Assert.java:117)
	at org.junit.Assert.assertEquals(Assert.java:146)
	at java_testcases.junit.SUBSEQUENCES_TEST.test_5(SUBSEQUENCES_TEST.java:44)
5) test_6(java_testcases.junit.SUBSEQUENCES_TEST)
org.junit.ComparisonFailure: expected:<...2,3,4,5,9],[1,2,3,4,[6,7],[1,2,3,4,6,8],[1,2,3,4,6,9],[1,2,3,4,7,8],[1,2,3,4,7,9],[1,2,3,4,8,9],[1,2,3,5,6,7],[1,2,3,5,6,8],[1,2,3,5,6,9],[1,2,3,5,7,8],[1,2,3,5,7,9],[1,2,3,5,8,9],[1,2,3,6,7,8],[1,2,3,6,7,9],[1,2,3,6,8,9],[1,2,3,7,8,9],[1,2,4,5,6,7],[1,2,4,5,6,8],[1,2,4,5,6,9],[1,2,4,5,7,8],[1,2,4,5,7,9],[1,2,4,5,8,9],[1,2,4,6,7,8],[1,2,4,6,7,9],[1,2,4,6,8,9],[1,2,4,7,8,9],[1,2,5,6,7,8],[1,2,5,6,7,9],[1,2,5,6,8,9],[1,2,5,7,8,9],[1,2,6,7,8,9],[1,3,4,5,6,7],[1,3,4,5,6,8],[1,3,4,5,6,9],[1,3,4,5,7,8],[1,3,4,5,7,9],[1,3,4,5,8,9],[1,3,4,6,7,8],[1,3,4,6,7,9],[1,3,4,6,8,9],[1,3,4,7,8,9],[1,3,5,6,7,8],[1,3,5,6,7,9],[1,3,5,6,8,9],[1,3,5,7,8,9],[1,3,6,7,8,9],[1,4,5,6,7,8],[1,4,5,6,7,9],[1,4,5,6,8,9],[1,4,5,7,8,9],[1,4,6,7,8,9],[1,5,6,7,8,9],[2,3,4,5,6,7],[2,3,4,5,6,8],[2,3,4,5,6,9],[2,3,4,5,7,8],[2,3,4,5,7,9],[2,3,4,5,8,9],[2,3,4,6,7,8],[2,3,4,6,7,9],[2,3,4,6,8,9],[2,3,4,7,8,9],[2,3,5,6,7,8],[2,3,5,6,7,9],[2,3,5,6,8,9],[2,3,5,7,8,9],[2,3,6,7,8,9],[2,4,5,6,7,8],[2,4,5,6,7,9],[2,4,5,6,8,9],[2,4,5,7,8,9],[2,4,6,7,8,9],[2,5,6,7,8,9],[3,4,5,6,7,8],[3,4,5,6,7,9],[3,4,5,6,8,9],[3,4,5,7,8,9],[3,4,6,7,8,9],[3,5,6,7,8,9],[4,5,6,7,8,9]]]> but was:<...2,3,4,5,9],[1,2,3,4,[5,10],[1,2,3,4,6,7],[1,2,3,4,6,8],[1,2,3,4,6,9],[1,2,3,4,6,10],[1,2,3,4,7,8],[1,2,3,4,7,9],[1,2,3,4,7,10],[1,2,3,4,8,9],[1,2,3,4,8,10],[1,2,3,4,9,10],[1,2,3,5,6,7],[1,2,3,5,6,8],[1,2,3,5,6,9],[1,2,3,5,6,10],[1,2,3,5,7,8],[1,2,3,5,7,9],[1,2,3,5,7,10],[1,2,3,5,8,9],[1,2,3,5,8,10],[1,2,3,5,9,10],[1,2,3,6,7,8],[1,2,3,6,7,9],[1,2,3,6,7,10],[1,2,3,6,8,9],[1,2,3,6,8,10],[1,2,3,6,9,10],[1,2,3,7,8,9],[1,2,3,7,8,10],[1,2,3,7,9,10],[1,2,3,8,9,10],[1,2,4,5,6,7],[1,2,4,5,6,8],[1,2,4,5,6,9],[1,2,4,5,6,10],[1,2,4,5,7,8],[1,2,4,5,7,9],[1,2,4,5,7,10],[1,2,4,5,8,9],[1,2,4,5,8,10],[1,2,4,5,9,10],[1,2,4,6,7,8],[1,2,4,6,7,9],[1,2,4,6,7,10],[1,2,4,6,8,9],[1,2,4,6,8,10],[1,2,4,6,9,10],[1,2,4,7,8,9],[1,2,4,7,8,10],[1,2,4,7,9,10],[1,2,4,8,9,10],[1,2,5,6,7,8],[1,2,5,6,7,9],[1,2,5,6,7,10],[1,2,5,6,8,9],[1,2,5,6,8,10],[1,2,5,6,9,10],[1,2,5,7,8,9],[1,2,5,7,8,10],[1,2,5,7,9,10],[1,2,5,8,9,10],[1,2,6,7,8,9],[1,2,6,7,8,10],[1,2,6,7,9,10],[1,2,6,8,9,10],[1,2,7,8,9,10],[1,3,4,5,6,7],[1,3,4,5,6,8],[1,3,4,5,6,9],[1,3,4,5,6,10],[1,3,4,5,7,8],[1,3,4,5,7,9],[1,3,4,5,7,10],[1,3,4,5,8,9],[1,3,4,5,8,10],[1,3,4,5,9,10],[1,3,4,6,7,8],[1,3,4,6,7,9],[1,3,4,6,7,10],[1,3,4,6,8,9],[1,3,4,6,8,10],[1,3,4,6,9,10],[1,3,4,7,8,9],[1,3,4,7,8,10],[1,3,4,7,9,10],[1,3,4,8,9,10],[1,3,5,6,7,8],[1,3,5,6,7,9],[1,3,5,6,7,10],[1,3,5,6,8,9],[1,3,5,6,8,10],[1,3,5,6,9,10],[1,3,5,7,8,9],[1,3,5,7,8,10],[1,3,5,7,9,10],[1,3,5,8,9,10],[1,3,6,7,8,9],[1,3,6,7,8,10],[1,3,6,7,9,10],[1,3,6,8,9,10],[1,3,7,8,9,10],[1,4,5,6,7,8],[1,4,5,6,7,9],[1,4,5,6,7,10],[1,4,5,6,8,9],[1,4,5,6,8,10],[1,4,5,6,9,10],[1,4,5,7,8,9],[1,4,5,7,8,10],[1,4,5,7,9,10],[1,4,5,8,9,10],[1,4,6,7,8,9],[1,4,6,7,8,10],[1,4,6,7,9,10],[1,4,6,8,9,10],[1,4,7,8,9,10],[1,5,6,7,8,9],[1,5,6,7,8,10],[1,5,6,7,9,10],[1,5,6,8,9,10],[1,5,7,8,9,10],[1,6,7,8,9,10],[2,3,4,5,6,7],[2,3,4,5,6,8],[2,3,4,5,6,9],[2,3,4,5,6,10],[2,3,4,5,7,8],[2,3,4,5,7,9],[2,3,4,5,7,10],[2,3,4,5,8,9],[2,3,4,5,8,10],[2,3,4,5,9,10],[2,3,4,6,7,8],[2,3,4,6,7,9],[2,3,4,6,7,10],[2,3,4,6,8,9],[2,3,4,6,8,10],[2,3,4,6,9,10],[2,3,4,7,8,9],[2,3,4,7,8,10],[2,3,4,7,9,10],[2,3,4,8,9,10],[2,3,5,6,7,8],[2,3,5,6,7,9],[2,3,5,6,7,10],[2,3,5,6,8,9],[2,3,5,6,8,10],[2,3,5,6,9,10],[2,3,5,7,8,9],[2,3,5,7,8,10],[2,3,5,7,9,10],[2,3,5,8,9,10],[2,3,6,7,8,9],[2,3,6,7,8,10],[2,3,6,7,9,10],[2,3,6,8,9,10],[2,3,7,8,9,10],[2,4,5,6,7,8],[2,4,5,6,7,9],[2,4,5,6,7,10],[2,4,5,6,8,9],[2,4,5,6,8,10],[2,4,5,6,9,10],[2,4,5,7,8,9],[2,4,5,7,8,10],[2,4,5,7,9,10],[2,4,5,8,9,10],[2,4,6,7,8,9],[2,4,6,7,8,10],[2,4,6,7,9,10],[2,4,6,8,9,10],[2,4,7,8,9,10],[2,5,6,7,8,9],[2,5,6,7,8,10],[2,5,6,7,9,10],[2,5,6,8,9,10],[2,5,7,8,9,10],[2,6,7,8,9,10],[3,4,5,6,7,8],[3,4,5,6,7,9],[3,4,5,6,7,10],[3,4,5,6,8,9],[3,4,5,6,8,10],[3,4,5,6,9,10],[3,4,5,7,8,9],[3,4,5,7,8,10],[3,4,5,7,9,10],[3,4,5,8,9,10],[3,4,6,7,8,9],[3,4,6,7,8,10],[3,4,6,7,9,10],[3,4,6,8,9,10],[3,4,7,8,9,10],[3,5,6,7,8,9],[3,5,6,7,8,10],[3,5,6,7,9,10],[3,5,6,8,9,10],[3,5,7,8,9,10],[3,6,7,8,9,10],[4,5,6,7,8,9],[4,5,6,7,8,10],[4,5,6,7,9,10],[4,5,6,8,9,10],[4,5,7,8,9,10],[4,6,7,8,9,10],[5,6,7,8,9,10]]]>
	at org.junit.Assert.assertEquals(Assert.java:117)
	at org.junit.Assert.assertEquals(Assert.java:146)
	at java_testcases.junit.SUBSEQUENCES_TEST.test_6(SUBSEQUENCES_TEST.java:51)
6) test_7(java_testcases.junit.SUBSEQUENCES_TEST)
org.junit.ComparisonFailure: expected:<...3,8],[1,2,3,9],[1,2,[4,5],[1,2,4,6],[1,2,4,7],[1,2,4,8],[1,2,4,9],[1,2,5,6],[1,2,5,7],[1,2,5,8],[1,2,5,9],[1,2,6,7],[1,2,6,8],[1,2,6,9],[1,2,7,8],[1,2,7,9],[1,2,8,9],[1,3,4,5],[1,3,4,6],[1,3,4,7],[1,3,4,8],[1,3,4,9],[1,3,5,6],[1,3,5,7],[1,3,5,8],[1,3,5,9],[1,3,6,7],[1,3,6,8],[1,3,6,9],[1,3,7,8],[1,3,7,9],[1,3,8,9],[1,4,5,6],[1,4,5,7],[1,4,5,8],[1,4,5,9],[1,4,6,7],[1,4,6,8],[1,4,6,9],[1,4,7,8],[1,4,7,9],[1,4,8,9],[1,5,6,7],[1,5,6,8],[1,5,6,9],[1,5,7,8],[1,5,7,9],[1,5,8,9],[1,6,7,8],[1,6,7,9],[1,6,8,9],[1,7,8,9],[2,3,4,5],[2,3,4,6],[2,3,4,7],[2,3,4,8],[2,3,4,9],[2,3,5,6],[2,3,5,7],[2,3,5,8],[2,3,5,9],[2,3,6,7],[2,3,6,8],[2,3,6,9],[2,3,7,8],[2,3,7,9],[2,3,8,9],[2,4,5,6],[2,4,5,7],[2,4,5,8],[2,4,5,9],[2,4,6,7],[2,4,6,8],[2,4,6,9],[2,4,7,8],[2,4,7,9],[2,4,8,9],[2,5,6,7],[2,5,6,8],[2,5,6,9],[2,5,7,8],[2,5,7,9],[2,5,8,9],[2,6,7,8],[2,6,7,9],[2,6,8,9],[2,7,8,9],[3,4,5,6],[3,4,5,7],[3,4,5,8],[3,4,5,9],[3,4,6,7],[3,4,6,8],[3,4,6,9],[3,4,7,8],[3,4,7,9],[3,4,8,9],[3,5,6,7],[3,5,6,8],[3,5,6,9],[3,5,7,8],[3,5,7,9],[3,5,8,9],[3,6,7,8],[3,6,7,9],[3,6,8,9],[3,7,8,9],[4,5,6,7],[4,5,6,8],[4,5,6,9],[4,5,7,8],[4,5,7,9],[4,5,8,9],[4,6,7,8],[4,6,7,9],[4,6,8,9],[4,7,8,9],[5,6,7,8],[5,6,7,9],[5,6,8,9],[5,7,8,9],[6,7,8,9]]]> but was:<...3,8],[1,2,3,9],[1,2,[3,10],[1,2,4,5],[1,2,4,6],[1,2,4,7],[1,2,4,8],[1,2,4,9],[1,2,4,10],[1,2,5,6],[1,2,5,7],[1,2,5,8],[1,2,5,9],[1,2,5,10],[1,2,6,7],[1,2,6,8],[1,2,6,9],[1,2,6,10],[1,2,7,8],[1,2,7,9],[1,2,7,10],[1,2,8,9],[1,2,8,10],[1,2,9,10],[1,3,4,5],[1,3,4,6],[1,3,4,7],[1,3,4,8],[1,3,4,9],[1,3,4,10],[1,3,5,6],[1,3,5,7],[1,3,5,8],[1,3,5,9],[1,3,5,10],[1,3,6,7],[1,3,6,8],[1,3,6,9],[1,3,6,10],[1,3,7,8],[1,3,7,9],[1,3,7,10],[1,3,8,9],[1,3,8,10],[1,3,9,10],[1,4,5,6],[1,4,5,7],[1,4,5,8],[1,4,5,9],[1,4,5,10],[1,4,6,7],[1,4,6,8],[1,4,6,9],[1,4,6,10],[1,4,7,8],[1,4,7,9],[1,4,7,10],[1,4,8,9],[1,4,8,10],[1,4,9,10],[1,5,6,7],[1,5,6,8],[1,5,6,9],[1,5,6,10],[1,5,7,8],[1,5,7,9],[1,5,7,10],[1,5,8,9],[1,5,8,10],[1,5,9,10],[1,6,7,8],[1,6,7,9],[1,6,7,10],[1,6,8,9],[1,6,8,10],[1,6,9,10],[1,7,8,9],[1,7,8,10],[1,7,9,10],[1,8,9,10],[2,3,4,5],[2,3,4,6],[2,3,4,7],[2,3,4,8],[2,3,4,9],[2,3,4,10],[2,3,5,6],[2,3,5,7],[2,3,5,8],[2,3,5,9],[2,3,5,10],[2,3,6,7],[2,3,6,8],[2,3,6,9],[2,3,6,10],[2,3,7,8],[2,3,7,9],[2,3,7,10],[2,3,8,9],[2,3,8,10],[2,3,9,10],[2,4,5,6],[2,4,5,7],[2,4,5,8],[2,4,5,9],[2,4,5,10],[2,4,6,7],[2,4,6,8],[2,4,6,9],[2,4,6,10],[2,4,7,8],[2,4,7,9],[2,4,7,10],[2,4,8,9],[2,4,8,10],[2,4,9,10],[2,5,6,7],[2,5,6,8],[2,5,6,9],[2,5,6,10],[2,5,7,8],[2,5,7,9],[2,5,7,10],[2,5,8,9],[2,5,8,10],[2,5,9,10],[2,6,7,8],[2,6,7,9],[2,6,7,10],[2,6,8,9],[2,6,8,10],[2,6,9,10],[2,7,8,9],[2,7,8,10],[2,7,9,10],[2,8,9,10],[3,4,5,6],[3,4,5,7],[3,4,5,8],[3,4,5,9],[3,4,5,10],[3,4,6,7],[3,4,6,8],[3,4,6,9],[3,4,6,10],[3,4,7,8],[3,4,7,9],[3,4,7,10],[3,4,8,9],[3,4,8,10],[3,4,9,10],[3,5,6,7],[3,5,6,8],[3,5,6,9],[3,5,6,10],[3,5,7,8],[3,5,7,9],[3,5,7,10],[3,5,8,9],[3,5,8,10],[3,5,9,10],[3,6,7,8],[3,6,7,9],[3,6,7,10],[3,6,8,9],[3,6,8,10],[3,6,9,10],[3,7,8,9],[3,7,8,10],[3,7,9,10],[3,8,9,10],[4,5,6,7],[4,5,6,8],[4,5,6,9],[4,5,6,10],[4,5,7,8],[4,5,7,9],[4,5,7,10],[4,5,8,9],[4,5,8,10],[4,5,9,10],[4,6,7,8],[4,6,7,9],[4,6,7,10],[4,6,8,9],[4,6,8,10],[4,6,9,10],[4,7,8,9],[4,7,8,10],[4,7,9,10],[4,8,9,10],[5,6,7,8],[5,6,7,9],[5,6,7,10],[5,6,8,9],[5,6,8,10],[5,6,9,10],[5,7,8,9],[5,7,8,10],[5,7,9,10],[5,8,9,10],[6,7,8,9],[6,7,8,10],[6,7,9,10],[6,8,9,10],[7,8,9,10]]]>
	at org.junit.Assert.assertEquals(Assert.java:117)
	at org.junit.Assert.assertEquals(Assert.java:146)
	at java_testcases.junit.SUBSEQUENCES_TEST.test_7(SUBSEQUENCES_TEST.java:58)
7) test_8(java_testcases.junit.SUBSEQUENCES_TEST)
org.junit.ComparisonFailure: expected:<...,[5],[6],[7],[8],[9][]]> but was:<...,[5],[6],[7],[8],[9][,[10]]]>
	at org.junit.Assert.assertEquals(Assert.java:117)
	at org.junit.Assert.assertEquals(Assert.java:146)
	at java_testcases.junit.SUBSEQUENCES_TEST.test_8(SUBSEQUENCES_TEST.java:65)
8) test_9(java_testcases.junit.SUBSEQUENCES_TEST)
org.junit.ComparisonFailure: expected:<...,10,12],[5,6,7,8,9,1[1,12],[5,6,7,8,10,11,12],[5,6,7,9,10,11,12],[5,6,8,9,10,11,12],[5,7,8,9,10,11,12],[6,7,8,9,10,11,12]]]> but was:<...,10,12],[5,6,7,8,9,1[0,13],[5,6,7,8,9,11,12],[5,6,7,8,9,11,13],[5,6,7,8,9,12,13],[5,6,7,8,10,11,12],[5,6,7,8,10,11,13],[5,6,7,8,10,12,13],[5,6,7,8,11,12,13],[5,6,7,9,10,11,12],[5,6,7,9,10,11,13],[5,6,7,9,10,12,13],[5,6,7,9,11,12,13],[5,6,7,10,11,12,13],[5,6,8,9,10,11,12],[5,6,8,9,10,11,13],[5,6,8,9,10,12,13],[5,6,8,9,11,12,13],[5,6,8,10,11,12,13],[5,6,9,10,11,12,13],[5,7,8,9,10,11,12],[5,7,8,9,10,11,13],[5,7,8,9,10,12,13],[5,7,8,9,11,12,13],[5,7,8,10,11,12,13],[5,7,9,10,11,12,13],[5,8,9,10,11,12,13],[6,7,8,9,10,11,12],[6,7,8,9,10,11,13],[6,7,8,9,10,12,13],[6,7,8,9,11,12,13],[6,7,8,10,11,12,13],[6,7,9,10,11,12,13],[6,8,9,10,11,12,13],[7,8,9,10,11,12,13]]]>
	at org.junit.Assert.assertEquals(Assert.java:117)
	at org.junit.Assert.assertEquals(Assert.java:146)
	at java_testcases.junit.SUBSEQUENCES_TEST.test_9(SUBSEQUENCES_TEST.java:72)

FAILURES!!!
Tests run: 12,  Failures: 8


Tests Failed.

----------------------------------------
--- Verifying TOPOLOGICAL_ORDERING (fixed) ---
Compilation Failed:
warning: [options] bootstrap class path is not set in conjunction with -source 8
  not setting the bootstrap class path may lead to class files that cannot run on JDK 8
    --release 8 is recommended instead of -source 8 -target 1.8 because it sets the bootstrap class path automatically
warning: [options] source value 8 is obsolete and will be removed in a future release
warning: [options] target value 8 is obsolete and will be removed in a future release
warning: [options] To suppress warnings about obsolete options, use -Xlint:-options.
D:\4th year\Fall\Ai\Project\Ai Project\adaptive_repair\build_tmp\java_testcases\junit\TOPOLOGICAL_ORDERING_TEST.java:39: error: cannot find symbol
        ArrayList<Node> results = TOPOLOGICAL_ORDERING.topological_ordering(
                                                      ^
  symbol:   method topological_ordering(ArrayList<Node>)
  location: class TOPOLOGICAL_ORDERING
D:\4th year\Fall\Ai\Project\Ai Project\adaptive_repair\build_tmp\java_testcases\junit\TOPOLOGICAL_ORDERING_TEST.java:73: error: cannot find symbol
                .topological_ordering(new ArrayList<Node>(Arrays.asList(zero, one, two, three, four, five)));
                ^
  symbol:   method topological_ordering(ArrayList<Node>)
  location: class TOPOLOGICAL_ORDERING
D:\4th year\Fall\Ai\Project\Ai Project\adaptive_repair\build_tmp\java_testcases\junit\TOPOLOGICAL_ORDERING_TEST.java:112: error: cannot find symbol
        ArrayList<Node> results = TOPOLOGICAL_ORDERING.topological_ordering(new ArrayList<Node>(Arrays.asList(milk, egg, oil, mix, syrup, griddle, pour, turn, eat)));
                                                      ^
  symbol:   method topological_ordering(ArrayList<Node>)
  location: class TOPOLOGICAL_ORDERING
3 errors
4 warnings


----------------------------------------
--- Verifying TO_BASE (fixed) ---
JUnit version 4.13.2
.......
Time: 0.011

OK (7 tests)


Tests Passed!

----------------------------------------
--- Verifying WRAP (fixed) ---
Compilation Failed:
warning: [options] bootstrap class path is not set in conjunction with -source 8
  not setting the bootstrap class path may lead to class files that cannot run on JDK 8
    --release 8 is recommended instead of -source 8 -target 1.8 because it sets the bootstrap class path automatically
warning: [options] source value 8 is obsolete and will be removed in a future release
warning: [options] target value 8 is obsolete and will be removed in a future release
warning: [options] To suppress warnings about obsolete options, use -Xlint:-options.
D:\4th year\Fall\Ai\Project\Ai Project\adaptive_repair\build_tmp\java_testcases\junit\WRAP_TEST.java:7: error: incompatible types: List<String> cannot be converted to ArrayList
        java.util.ArrayList result = java_programs.WRAP.wrap((java.lang.String)"The leaves did not stir on the trees, grasshoppers chirruped, and the monotonous hollow sound of the sea rising up from below, spoke of the peace, of the eternal sleep awaiting us. So it must have sounded when there was no Yalta, no Oreanda here; so it sounds now, and it will sound as indifferently and monotonously when we are all no more. And in this constancy, in this complete indifference to the life and death of each of us, there lies hid, perhaps, a pledge of our eternal salvation, of the unceasing movement of life upon earth, of unceasing progress towards perfection. Sitting beside a young woman who in the dawn seemed so lovely, soothed and spellbound in these magical surroundings - the sea, mountains, clouds, the open sky - Gurov thought how in reality everything is beautiful in this world when one reflects: everything except what we think or do ourselves when we forget our human dignity and the higher aims of our existence.",(int)50);
                                                            ^
D:\4th year\Fall\Ai\Project\Ai Project\adaptive_repair\build_tmp\java_testcases\junit\WRAP_TEST.java:14: error: incompatible types: List<String> cannot be converted to ArrayList
        java.util.ArrayList result = java_programs.WRAP.wrap((java.lang.String)"The leaves did not stir on the trees, grasshoppers chirruped, and the monotonous hollow sound of the sea rising up from below, spoke of the peace, of the eternal sleep awaiting us. So it must have sounded when there was no Yalta, no Oreanda here; so it sounds now, and it will sound as indifferently and monotonously when we are all no more. And in this constancy, in this complete indifference to the life and death of each of us, there lies hid, perhaps, a pledge of our eternal salvation, of the unceasing movement of life upon earth, of unceasing progress towards perfection. Sitting beside a young woman who in the dawn seemed so lovely, soothed and spellbound in these magical surroundings - the sea, mountains, clouds, the open sky - Gurov thought how in reality everything is beautiful in this world when one reflects: everything except what we think or do ourselves when we forget our human dignity and the higher aims of our existence.",(int)20);
                                                            ^
D:\4th year\Fall\Ai\Project\Ai Project\adaptive_repair\build_tmp\java_testcases\junit\WRAP_TEST.java:21: error: incompatible types: List<String> cannot be converted to ArrayList
        java.util.ArrayList result = java_programs.WRAP.wrap((java.lang.String)"The leaves did not stir on the trees, grasshoppers chirruped, and the monotonous hollow sound of the sea rising up from below, spoke of the peace, of the eternal sleep awaiting us. So it must have sounded when there was no Yalta, no Oreanda here; so it sounds now, and it will sound as indifferently and monotonously when we are all no more. And in this constancy, in this complete indifference to the life and death of each of us, there lies hid, perhaps, a pledge of our eternal salvation, of the unceasing movement of life upon earth, of unceasing progress towards perfection. Sitting beside a young woman who in the dawn seemed so lovely, soothed and spellbound in these magical surroundings - the sea, mountains, clouds, the open sky - Gurov thought how in reality everything is beautiful in this world when one reflects: everything except what we think or do ourselves when we forget our human dignity and the higher aims of our existence.",(int)80);
                                                            ^
D:\4th year\Fall\Ai\Project\Ai Project\adaptive_repair\build_tmp\java_testcases\junit\WRAP_TEST.java:28: error: incompatible types: List<String> cannot be converted to ArrayList
        java.util.ArrayList result = java_programs.WRAP.wrap((java.lang.String)"The leaves did not stir on the trees, grasshoppers chirruped, and the monotonous hollow sound of the sea rising up from below, spoke of the peace, of the eternal sleep awaiting us. So it must have sounded when there was no Yalta, no Oreanda here; so it sounds now, and it will sound as indifferently and monotonously when we are all no more. And in this constancy, in this complete indifference to the life and death of each of us, there lies hid, perhaps, a pledge of our eternal salvation, of the unceasing movement of life upon earth, of unceasing progress towards perfection. Sitting beside a young woman who in the dawn seemed so lovely, soothed and spellbound in these magical surroundings - the sea, mountains, clouds, the open sky - Gurov thought how in reality everything is beautiful in this world when one reflects: everything except what we think or do ourselves when we forget our human dignity and the higher aims of our existence.",(int)77);
                                                            ^
D:\4th year\Fall\Ai\Project\Ai Project\adaptive_repair\build_tmp\java_testcases\junit\WRAP_TEST.java:35: error: incompatible types: List<String> cannot be converted to ArrayList
        java.util.ArrayList result = java_programs.WRAP.wrap((java.lang.String)"The leaves did not stir on the trees, grasshoppers chirruped, and the monotonous hollow sound of the sea rising up from below, spoke of the peace, of the eternal sleep awaiting us. So it must have sounded when there was no Yalta, no Oreanda here; so it sounds now, and it will sound as indifferently and monotonously when we are all no more. And in this constancy, in this complete indifference to the life and death of each of us, there lies hid, perhaps, a pledge of our eternal salvation, of the unceasing movement of life upon earth, of unceasing progress towards perfection. Sitting beside a young woman who in the dawn seemed so lovely, soothed and spellbound in these magical surroundings - the sea, mountains, clouds, the open sky - Gurov thought how in reality everything is beautiful in this world when one reflects: everything except what we think or do ourselves when we forget our human dignity and the higher aims of our existence.",(int)140);
                                                            ^
5 errors
4 warnings


----------------------------------------

==============================
VERIFICATION SUMMARY
==============================
Total Tests: 40
Passed:      25
Failed:      15

Failed Files:
- BREADTH_FIRST_SEARCH
- GET_FACTORS
- KHEAPSORT
- KTH
- LCS_LENGTH
- LONGEST_COMMON_SUBSEQUENCE
- MAX_SUBLIST_SUM
- MINIMUM_SPANNING_TREE
- POWERSET
- SHORTEST_PATHS
- SHORTEST_PATH_LENGTH
- SIEVE
- SUBSEQUENCES
- TOPOLOGICAL_ORDERING
- WRAP

