{"timestamp": "2025-12-27T05:58:28.901105", "bug_id": "bug_001", "language": "python", "success": false, "hallucinations": [], "diff_size": 6, "execution": {"execution_success": false, "output": "Executor System Error: name 'sys' is not defined", "summary": {"total": 0, "passed": 0, "failed": 0, "errors": 0}}, "failure_analysis": {"category": "RUNTIME_ERROR", "reason": "Code crashed during execution."}}
{"timestamp": "2025-12-27T05:59:06.807930", "bug_id": "bug_001", "language": "python", "success": false, "hallucinations": [], "diff_size": 6, "execution": {"execution_success": false, "output": "Executor System Error: name 'sys' is not defined", "summary": {"total": 0, "passed": 0, "failed": 0, "errors": 0}}, "failure_analysis": {"category": "RUNTIME_ERROR", "reason": "Code crashed during execution."}}
{"timestamp": "2025-12-27T05:59:31.627857", "bug_id": "bug_001", "language": "python", "success": true, "hallucinations": [], "diff_size": 6, "execution": {"execution_success": true, "output": "============================= test session starts =============================\nplatform win32 -- Python 3.13.9, pytest-9.0.1, pluggy-1.6.0 -- C:\\Users\\omary\\AppData\\Local\\Programs\\Python\\Python313\\python.exe\ncachedir: .pytest_cache\nmetadata: {'Python': '3.13.9', 'Platform': 'Windows-11-10.0.22631-SP0', 'Packages': {'pytest': '9.0.1', 'pluggy': '1.6.0'}, 'Plugins': {'anyio': '4.11.0', 'langsmith': '0.4.49', 'html': '4.1.1', 'metadata': '3.1.1'}}\nrootdir: C:\\Users\\omary\\AppData\\Local\\Temp\\tmpo9jh3uc1\nplugins: anyio-4.11.0, langsmith-0.4.49, html-4.1.1, metadata-3.1.1\ncollecting ... collected 1 item\n\ntest_repaired_code.py::test_add PASSED                                   [100%]\n\n============================== 1 passed in 0.07s ==============================\n\n", "summary": {"total": 0, "passed": 0, "failed": 0, "errors": 0}}, "failure_analysis": {"category": "SUCCESS", "reason": "Tests passed"}}
{"timestamp": "2025-12-27T05:59:33.810549", "bug_id": "bug_002", "language": "python", "success": false, "hallucinations": [], "diff_size": 6, "execution": {"execution_success": false, "output": "============================= test session starts =============================\nplatform win32 -- Python 3.13.9, pytest-9.0.1, pluggy-1.6.0 -- C:\\Users\\omary\\AppData\\Local\\Programs\\Python\\Python313\\python.exe\ncachedir: .pytest_cache\nmetadata: {'Python': '3.13.9', 'Platform': 'Windows-11-10.0.22631-SP0', 'Packages': {'pytest': '9.0.1', 'pluggy': '1.6.0'}, 'Plugins': {'anyio': '4.11.0', 'langsmith': '0.4.49', 'html': '4.1.1', 'metadata': '3.1.1'}}\nrootdir: C:\\Users\\omary\\AppData\\Local\\Temp\\tmpzmnwpyfp\nplugins: anyio-4.11.0, langsmith-0.4.49, html-4.1.1, metadata-3.1.1\ncollecting ... collected 1 item\n\ntest_repaired_code.py::test_add FAILED                                   [100%]\n\n================================== FAILURES ===================================\n__________________________________ test_add ___________________________________\ntest_repaired_code.py:5: in test_add\n    assert add(1, 2) == 3\nE   assert -1 == 3\nE    +  where -1 = add(1, 2)\n=========================== short test summary info ===========================\nFAILED test_repaired_code.py::test_add - assert -1 == 3\n============================== 1 failed in 0.22s ==============================\n\n", "summary": {"total": 0, "passed": 0, "failed": 0, "errors": 0}}, "failure_analysis": {"category": "RUNTIME_ERROR", "reason": "Code crashed during execution."}}
{"timestamp": "2025-12-27T06:00:07.566481", "bug_id": "bug_001", "language": "python", "success": true, "hallucinations": [], "diff_size": 6, "execution": {"execution_success": true, "output": "============================= test session starts =============================\nplatform win32 -- Python 3.13.9, pytest-9.0.1, pluggy-1.6.0 -- C:\\Users\\omary\\AppData\\Local\\Programs\\Python\\Python313\\python.exe\ncachedir: .pytest_cache\nmetadata: {'Python': '3.13.9', 'Platform': 'Windows-11-10.0.22631-SP0', 'Packages': {'pytest': '9.0.1', 'pluggy': '1.6.0'}, 'Plugins': {'anyio': '4.11.0', 'langsmith': '0.4.49', 'html': '4.1.1', 'metadata': '3.1.1'}}\nrootdir: C:\\Users\\omary\\AppData\\Local\\Temp\\tmphwosmscz\nplugins: anyio-4.11.0, langsmith-0.4.49, html-4.1.1, metadata-3.1.1\ncollecting ... collected 1 item\n\ntest_repaired_code.py::test_add PASSED                                   [100%]\n\n============================== 1 passed in 0.02s ==============================\n\n", "summary": {"total": 0, "passed": 0, "failed": 0, "errors": 0}}, "failure_analysis": {"category": "SUCCESS", "reason": "Tests passed"}}
{"timestamp": "2025-12-27T06:00:10.006554", "bug_id": "bug_002", "language": "python", "success": false, "hallucinations": [], "diff_size": 6, "execution": {"execution_success": false, "output": "============================= test session starts =============================\nplatform win32 -- Python 3.13.9, pytest-9.0.1, pluggy-1.6.0 -- C:\\Users\\omary\\AppData\\Local\\Programs\\Python\\Python313\\python.exe\ncachedir: .pytest_cache\nmetadata: {'Python': '3.13.9', 'Platform': 'Windows-11-10.0.22631-SP0', 'Packages': {'pytest': '9.0.1', 'pluggy': '1.6.0'}, 'Plugins': {'anyio': '4.11.0', 'langsmith': '0.4.49', 'html': '4.1.1', 'metadata': '3.1.1'}}\nrootdir: C:\\Users\\omary\\AppData\\Local\\Temp\\tmp78ms2kvd\nplugins: anyio-4.11.0, langsmith-0.4.49, html-4.1.1, metadata-3.1.1\ncollecting ... collected 1 item\n\ntest_repaired_code.py::test_add FAILED                                   [100%]\n\n================================== FAILURES ===================================\n__________________________________ test_add ___________________________________\ntest_repaired_code.py:5: in test_add\n    assert add(1, 2) == 3\nE   assert -1 == 3\nE    +  where -1 = add(1, 2)\n=========================== short test summary info ===========================\nFAILED test_repaired_code.py::test_add - assert -1 == 3\n============================== 1 failed in 0.16s ==============================\n\n", "summary": {"total": 0, "passed": 0, "failed": 0, "errors": 0}}, "failure_analysis": {"category": "RUNTIME_ERROR", "reason": "Code crashed during execution."}}
{"timestamp": "2025-12-27T06:01:00.855610", "bug_id": "bug_001", "language": "python", "success": true, "hallucinations": [], "diff_size": 6, "execution": {"execution_success": true, "output": "============================= test session starts =============================\nplatform win32 -- Python 3.13.9, pytest-9.0.1, pluggy-1.6.0 -- C:\\Users\\omary\\AppData\\Local\\Programs\\Python\\Python313\\python.exe\ncachedir: .pytest_cache\nmetadata: {'Python': '3.13.9', 'Platform': 'Windows-11-10.0.22631-SP0', 'Packages': {'pytest': '9.0.1', 'pluggy': '1.6.0'}, 'Plugins': {'anyio': '4.11.0', 'langsmith': '0.4.49', 'html': '4.1.1', 'metadata': '3.1.1'}}\nrootdir: C:\\Users\\omary\\AppData\\Local\\Temp\\tmpixwxbto0\nplugins: anyio-4.11.0, langsmith-0.4.49, html-4.1.1, metadata-3.1.1\ncollecting ... collected 1 item\n\ntest_repaired_code.py::test_add PASSED                                   [100%]\n\n============================== 1 passed in 0.03s ==============================\n\n", "summary": {"total": 0, "passed": 0, "failed": 0, "errors": 0}}, "failure_analysis": {"category": "SUCCESS", "reason": "Tests passed"}}
{"timestamp": "2025-12-27T06:01:03.390600", "bug_id": "bug_002", "language": "python", "success": false, "hallucinations": [], "diff_size": 6, "execution": {"execution_success": false, "output": "============================= test session starts =============================\nplatform win32 -- Python 3.13.9, pytest-9.0.1, pluggy-1.6.0 -- C:\\Users\\omary\\AppData\\Local\\Programs\\Python\\Python313\\python.exe\ncachedir: .pytest_cache\nmetadata: {'Python': '3.13.9', 'Platform': 'Windows-11-10.0.22631-SP0', 'Packages': {'pytest': '9.0.1', 'pluggy': '1.6.0'}, 'Plugins': {'anyio': '4.11.0', 'langsmith': '0.4.49', 'html': '4.1.1', 'metadata': '3.1.1'}}\nrootdir: C:\\Users\\omary\\AppData\\Local\\Temp\\tmpx7tp4d1j\nplugins: anyio-4.11.0, langsmith-0.4.49, html-4.1.1, metadata-3.1.1\ncollecting ... collected 1 item\n\ntest_repaired_code.py::test_add FAILED                                   [100%]\n\n================================== FAILURES ===================================\n__________________________________ test_add ___________________________________\ntest_repaired_code.py:5: in test_add\n    assert add(1, 2) == 3\nE   assert -1 == 3\nE    +  where -1 = add(1, 2)\n=========================== short test summary info ===========================\nFAILED test_repaired_code.py::test_add - assert -1 == 3\n============================== 1 failed in 0.17s ==============================\n\n", "summary": {"total": 0, "passed": 0, "failed": 0, "errors": 0}}, "failure_analysis": {"category": "LOGIC_ERROR", "reason": "Tests failed assertions (incorrect output)."}}
{"timestamp": "2025-12-27T06:01:03.441347", "bug_id": "bug_003", "language": "python", "success": false, "hallucinations": ["Syntax Error: expected ':' at line 2"], "diff_size": 5, "execution": {"execution_success": false, "output": "No tests run (hallucination or no test code)."}, "failure_analysis": {"category": "SKIPPED", "reason": "Tests skipped."}}
{"timestamp": "2025-12-27T06:36:34.581543", "bug_id": "dummy_id", "language": "Python", "success": true, "hallucinations": [], "diff_size": 0, "execution": {"execution_success": true, "output": "============================= test session starts =============================\nplatform win32 -- Python 3.13.9, pytest-9.0.1, pluggy-1.6.0 -- C:\\Users\\omary\\AppData\\Local\\Programs\\Python\\Python313\\python.exe\ncachedir: .pytest_cache\nmetadata: {'Python': '3.13.9', 'Platform': 'Windows-11-10.0.22631-SP0', 'Packages': {'pytest': '9.0.1', 'pluggy': '1.6.0'}, 'Plugins': {'anyio': '4.11.0', 'langsmith': '0.4.49', 'html': '4.1.1', 'metadata': '3.1.1'}}\nrootdir: C:\\Users\\omary\\AppData\\Local\\Temp\\tmpkcrq1zpo\nplugins: anyio-4.11.0, langsmith-0.4.49, html-4.1.1, metadata-3.1.1\ncollecting ... collected 1 item\n\ntest_repaired_code.py::test_length PASSED                                [100%]\n\n============================== 1 passed in 0.04s ==============================\n\n", "summary": {"total": 0, "passed": 0, "failed": 0, "errors": 0}}, "failure_analysis": {"category": "SUCCESS", "reason": "Tests passed"}}
{"timestamp": "2025-12-27T06:36:36.407255", "bug_id": "dummy_id", "language": "Python", "success": false, "hallucinations": [], "diff_size": 0, "execution": {"execution_success": false, "output": "============================= test session starts =============================\nplatform win32 -- Python 3.13.9, pytest-9.0.1, pluggy-1.6.0 -- C:\\Users\\omary\\AppData\\Local\\Programs\\Python\\Python313\\python.exe\ncachedir: .pytest_cache\nmetadata: {'Python': '3.13.9', 'Platform': 'Windows-11-10.0.22631-SP0', 'Packages': {'pytest': '9.0.1', 'pluggy': '1.6.0'}, 'Plugins': {'anyio': '4.11.0', 'langsmith': '0.4.49', 'html': '4.1.1', 'metadata': '3.1.1'}}\nrootdir: C:\\Users\\omary\\AppData\\Local\\Temp\\tmpdyyuvk4o\nplugins: anyio-4.11.0, langsmith-0.4.49, html-4.1.1, metadata-3.1.1\ncollecting ... collected 1 item\n\ntest_repaired_code.py::test_add_wrong FAILED                             [100%]\n\n================================== FAILURES ===================================\n_______________________________ test_add_wrong ________________________________\ntest_repaired_code.py:9: in test_add_wrong\n    assert add(1, 1) == 3\nE   assert 2 == 3\nE    +  where 2 = add(1, 1)\n=========================== short test summary info ===========================\nFAILED test_repaired_code.py::test_add_wrong - assert 2 == 3\n============================== 1 failed in 0.20s ==============================\n\n", "summary": {"total": 0, "passed": 0, "failed": 0, "errors": 0}}, "failure_analysis": {"category": "LOGIC_ERROR", "reason": "Tests failed assertions (incorrect output)."}}
{"timestamp": "2025-12-27T06:37:34.570802", "bug_id": "dummy_id", "language": "Python", "success": true, "hallucinations": [], "diff_size": 0, "execution": {"execution_success": true, "output": "============================= test session starts =============================\nplatform win32 -- Python 3.13.9, pytest-9.0.1, pluggy-1.6.0 -- C:\\Users\\omary\\AppData\\Local\\Programs\\Python\\Python313\\python.exe\ncachedir: .pytest_cache\nmetadata: {'Python': '3.13.9', 'Platform': 'Windows-11-10.0.22631-SP0', 'Packages': {'pytest': '9.0.1', 'pluggy': '1.6.0'}, 'Plugins': {'anyio': '4.11.0', 'langsmith': '0.4.49', 'html': '4.1.1', 'metadata': '3.1.1'}}\nrootdir: C:\\Users\\omary\\AppData\\Local\\Temp\\tmp3_u7rwa4\nplugins: anyio-4.11.0, langsmith-0.4.49, html-4.1.1, metadata-3.1.1\ncollecting ... collected 1 item\n\ntest_repaired_code.py::test_length PASSED                                [100%]\n\n============================== 1 passed in 0.02s ==============================\n\n", "summary": {"total": 0, "passed": 0, "failed": 0, "errors": 0}}, "failure_analysis": {"category": "SUCCESS", "reason": "Tests passed"}}
{"timestamp": "2025-12-27T06:37:36.386569", "bug_id": "dummy_id", "language": "Python", "success": false, "hallucinations": [], "diff_size": 0, "execution": {"execution_success": false, "output": "============================= test session starts =============================\nplatform win32 -- Python 3.13.9, pytest-9.0.1, pluggy-1.6.0 -- C:\\Users\\omary\\AppData\\Local\\Programs\\Python\\Python313\\python.exe\ncachedir: .pytest_cache\nmetadata: {'Python': '3.13.9', 'Platform': 'Windows-11-10.0.22631-SP0', 'Packages': {'pytest': '9.0.1', 'pluggy': '1.6.0'}, 'Plugins': {'anyio': '4.11.0', 'langsmith': '0.4.49', 'html': '4.1.1', 'metadata': '3.1.1'}}\nrootdir: C:\\Users\\omary\\AppData\\Local\\Temp\\tmpr52j39es\nplugins: anyio-4.11.0, langsmith-0.4.49, html-4.1.1, metadata-3.1.1\ncollecting ... collected 1 item\n\ntest_repaired_code.py::test_add_wrong FAILED                             [100%]\n\n================================== FAILURES ===================================\n_______________________________ test_add_wrong ________________________________\ntest_repaired_code.py:9: in test_add_wrong\n    assert add(1, 1) == 3\nE   assert 2 == 3\nE    +  where 2 = add(1, 1)\n=========================== short test summary info ===========================\nFAILED test_repaired_code.py::test_add_wrong - assert 2 == 3\n============================== 1 failed in 0.12s ==============================\n\n", "summary": {"total": 0, "passed": 0, "failed": 0, "errors": 0}}, "failure_analysis": {"category": "LOGIC_ERROR", "reason": "Tests failed assertions (incorrect output)."}}
{"timestamp": "2025-12-27T06:37:36.387478", "bug_id": "dummy_id", "language": "Python", "success": false, "hallucinations": ["Syntax Error: '(' was never closed at line 3"], "diff_size": 0, "execution": {"execution_success": false, "output": "No tests run (hallucination or no test code)."}, "failure_analysis": {"category": "SKIPPED", "reason": "Tests skipped."}}
{"timestamp": "2025-12-27T11:48:10.925024", "bug_id": "test_factorial_buggy", "language": "python", "success": false, "hallucinations": [], "diff_size": 0, "execution": {"execution_success": false, "output": "============================= test session starts =============================\nplatform win32 -- Python 3.13.9, pytest-9.0.1, pluggy-1.6.0 -- C:\\Users\\omary\\AppData\\Local\\Programs\\Python\\Python313\\python.exe\ncachedir: .pytest_cache\nmetadata: {'Python': '3.13.9', 'Platform': 'Windows-11-10.0.22631-SP0', 'Packages': {'pytest': '9.0.1', 'pluggy': '1.6.0'}, 'Plugins': {'anyio': '4.11.0', 'langsmith': '0.4.49', 'html': '4.1.1', 'metadata': '3.1.1'}}\nrootdir: C:\\Users\\omary\\AppData\\Local\\Temp\\tmpzq7r1fmn\nplugins: anyio-4.11.0, langsmith-0.4.49, html-4.1.1, metadata-3.1.1\ncollecting ... collected 4 items\n\ntest_repaired_code.py::test_factorial_zero PASSED                        [ 25%]\ntest_repaired_code.py::test_factorial_one PASSED                         [ 50%]\ntest_repaired_code.py::test_factorial_five FAILED                        [ 75%]\ntest_repaired_code.py::test_factorial_three FAILED                       [100%]\n\n================================== FAILURES ===================================\n_____________________________ test_factorial_five _____________________________\ntest_repaired_code.py:11: in test_factorial_five\n    assert factorial(5) == 120  # This will fail due to bug\n    ^^^^^^^^^^^^^^^^^^^^^^^^^^\nE   assert 24 == 120\nE    +  where 24 = factorial(5)\n____________________________ test_factorial_three _____________________________\ntest_repaired_code.py:14: in test_factorial_three\n    assert factorial(3) == 6  # This will fail due to bug\n    ^^^^^^^^^^^^^^^^^^^^^^^^\nE   assert 2 == 6\nE    +  where 2 = factorial(3)\n=========================== short test summary info ===========================\nFAILED test_repaired_code.py::test_factorial_five - assert 24 == 120\nFAILED test_repaired_code.py::test_factorial_three - assert 2 == 6\n========================= 2 failed, 2 passed in 0.17s =========================\n\n", "summary": {"total": 0, "passed": 0, "failed": 0, "errors": 0}}, "failure_analysis": {"category": "LOGIC_ERROR", "reason": "Tests failed assertions (incorrect output)."}}
{"timestamp": "2025-12-27T11:48:12.750536", "bug_id": "test_factorial_fixed", "language": "python", "success": true, "hallucinations": [], "diff_size": 5, "execution": {"execution_success": true, "output": "============================= test session starts =============================\nplatform win32 -- Python 3.13.9, pytest-9.0.1, pluggy-1.6.0 -- C:\\Users\\omary\\AppData\\Local\\Programs\\Python\\Python313\\python.exe\ncachedir: .pytest_cache\nmetadata: {'Python': '3.13.9', 'Platform': 'Windows-11-10.0.22631-SP0', 'Packages': {'pytest': '9.0.1', 'pluggy': '1.6.0'}, 'Plugins': {'anyio': '4.11.0', 'langsmith': '0.4.49', 'html': '4.1.1', 'metadata': '3.1.1'}}\nrootdir: C:\\Users\\omary\\AppData\\Local\\Temp\\tmp8hve0n6e\nplugins: anyio-4.11.0, langsmith-0.4.49, html-4.1.1, metadata-3.1.1\ncollecting ... collected 4 items\n\ntest_repaired_code.py::test_factorial_zero PASSED                        [ 25%]\ntest_repaired_code.py::test_factorial_one PASSED                         [ 50%]\ntest_repaired_code.py::test_factorial_five PASSED                        [ 75%]\ntest_repaired_code.py::test_factorial_three PASSED                       [100%]\n\n============================== 4 passed in 0.12s ==============================\n\n", "summary": {"total": 0, "passed": 0, "failed": 0, "errors": 0}}, "failure_analysis": {"category": "SUCCESS", "reason": "Tests passed"}}
{"timestamp": "2025-12-27T11:53:59.535397", "bug_id": "test_parsing_fix", "language": "python", "success": false, "hallucinations": [], "diff_size": 0, "execution": {"execution_success": false, "output": "============================= test session starts =============================\nplatform win32 -- Python 3.13.9, pytest-9.0.1, pluggy-1.6.0 -- C:\\Users\\omary\\AppData\\Local\\Programs\\Python\\Python313\\python.exe\ncachedir: .pytest_cache\nmetadata: {'Python': '3.13.9', 'Platform': 'Windows-11-10.0.22631-SP0', 'Packages': {'pytest': '9.0.1', 'pluggy': '1.6.0'}, 'Plugins': {'anyio': '4.11.0', 'langsmith': '0.4.49', 'html': '4.1.1', 'metadata': '3.1.1'}}\nrootdir: C:\\Users\\omary\\AppData\\Local\\Temp\\tmpkq68gk7l\nplugins: anyio-4.11.0, langsmith-0.4.49, html-4.1.1, metadata-3.1.1\ncollecting ... collected 4 items\n\ntest_repaired_code.py::test_add_positive FAILED                          [ 25%]\ntest_repaired_code.py::test_add_zero PASSED                              [ 50%]\ntest_repaired_code.py::test_add_negative FAILED                          [ 75%]\ntest_repaired_code.py::test_identity PASSED                              [100%]\n\n================================== FAILURES ===================================\n______________________________ test_add_positive ______________________________\ntest_repaired_code.py:5: in test_add_positive\n    assert add(2, 3) == 5  # Will fail\n    ^^^^^^^^^^^^^^^^^^^^^\nE   assert -1 == 5\nE    +  where -1 = add(2, 3)\n______________________________ test_add_negative ______________________________\ntest_repaired_code.py:11: in test_add_negative\n    assert add(-1, 1) == 0  # Will pass accidentally (since -1 - 1 = 0)\n    ^^^^^^^^^^^^^^^^^^^^^^\nE   assert -2 == 0\nE    +  where -2 = add(-1, 1)\n=========================== short test summary info ===========================\nFAILED test_repaired_code.py::test_add_positive - assert -1 == 5\nFAILED test_repaired_code.py::test_add_negative - assert -2 == 0\n========================= 2 failed, 2 passed in 0.17s =========================\n\n", "summary": {"total": 0, "passed": 0, "failed": 0, "errors": 0}}, "failure_analysis": {"category": "LOGIC_ERROR", "reason": "Tests failed assertions (incorrect output)."}}
{"timestamp": "2025-12-27T11:54:11.357603", "bug_id": "test_factorial_buggy", "language": "python", "success": false, "hallucinations": [], "diff_size": 0, "execution": {"execution_success": false, "output": "============================= test session starts =============================\nplatform win32 -- Python 3.13.9, pytest-9.0.1, pluggy-1.6.0 -- C:\\Users\\omary\\AppData\\Local\\Programs\\Python\\Python313\\python.exe\ncachedir: .pytest_cache\nmetadata: {'Python': '3.13.9', 'Platform': 'Windows-11-10.0.22631-SP0', 'Packages': {'pytest': '9.0.1', 'pluggy': '1.6.0'}, 'Plugins': {'anyio': '4.11.0', 'langsmith': '0.4.49', 'html': '4.1.1', 'metadata': '3.1.1'}}\nrootdir: C:\\Users\\omary\\AppData\\Local\\Temp\\tmpx17_1jcd\nplugins: anyio-4.11.0, langsmith-0.4.49, html-4.1.1, metadata-3.1.1\ncollecting ... collected 4 items\n\ntest_repaired_code.py::test_factorial_zero PASSED                        [ 25%]\ntest_repaired_code.py::test_factorial_one PASSED                         [ 50%]\ntest_repaired_code.py::test_factorial_five FAILED                        [ 75%]\ntest_repaired_code.py::test_factorial_three FAILED                       [100%]\n\n================================== FAILURES ===================================\n_____________________________ test_factorial_five _____________________________\ntest_repaired_code.py:11: in test_factorial_five\n    assert factorial(5) == 120  # This will fail due to bug\n    ^^^^^^^^^^^^^^^^^^^^^^^^^^\nE   assert 24 == 120\nE    +  where 24 = factorial(5)\n____________________________ test_factorial_three _____________________________\ntest_repaired_code.py:14: in test_factorial_three\n    assert factorial(3) == 6  # This will fail due to bug\n    ^^^^^^^^^^^^^^^^^^^^^^^^\nE   assert 2 == 6\nE    +  where 2 = factorial(3)\n=========================== short test summary info ===========================\nFAILED test_repaired_code.py::test_factorial_five - assert 24 == 120\nFAILED test_repaired_code.py::test_factorial_three - assert 2 == 6\n========================= 2 failed, 2 passed in 0.15s =========================\n\n", "summary": {"total": 0, "passed": 0, "failed": 0, "errors": 0}}, "failure_analysis": {"category": "LOGIC_ERROR", "reason": "Tests failed assertions (incorrect output)."}}
{"timestamp": "2025-12-27T11:54:13.203424", "bug_id": "test_factorial_fixed", "language": "python", "success": true, "hallucinations": [], "diff_size": 5, "execution": {"execution_success": true, "output": "============================= test session starts =============================\nplatform win32 -- Python 3.13.9, pytest-9.0.1, pluggy-1.6.0 -- C:\\Users\\omary\\AppData\\Local\\Programs\\Python\\Python313\\python.exe\ncachedir: .pytest_cache\nmetadata: {'Python': '3.13.9', 'Platform': 'Windows-11-10.0.22631-SP0', 'Packages': {'pytest': '9.0.1', 'pluggy': '1.6.0'}, 'Plugins': {'anyio': '4.11.0', 'langsmith': '0.4.49', 'html': '4.1.1', 'metadata': '3.1.1'}}\nrootdir: C:\\Users\\omary\\AppData\\Local\\Temp\\tmpbby8ucsg\nplugins: anyio-4.11.0, langsmith-0.4.49, html-4.1.1, metadata-3.1.1\ncollecting ... collected 4 items\n\ntest_repaired_code.py::test_factorial_zero PASSED                        [ 25%]\ntest_repaired_code.py::test_factorial_one PASSED                         [ 50%]\ntest_repaired_code.py::test_factorial_five PASSED                        [ 75%]\ntest_repaired_code.py::test_factorial_three PASSED                       [100%]\n\n============================== 4 passed in 0.03s ==============================\n\n", "summary": {"total": 0, "passed": 0, "failed": 0, "errors": 0}}, "failure_analysis": {"category": "SUCCESS", "reason": "Tests passed"}}
{"timestamp": "2025-12-27T11:55:32.144260", "bug_id": "test_parsing_fix", "language": "python", "success": false, "hallucinations": [], "diff_size": 0, "execution": {"execution_success": false, "output": "============================= test session starts =============================\nplatform win32 -- Python 3.13.9, pytest-9.0.1, pluggy-1.6.0 -- C:\\Users\\omary\\AppData\\Local\\Programs\\Python\\Python313\\python.exe\ncachedir: .pytest_cache\nmetadata: {'Python': '3.13.9', 'Platform': 'Windows-11-10.0.22631-SP0', 'Packages': {'pytest': '9.0.1', 'pluggy': '1.6.0'}, 'Plugins': {'anyio': '4.11.0', 'langsmith': '0.4.49', 'html': '4.1.1', 'metadata': '3.1.1'}}\nrootdir: C:\\Users\\omary\\AppData\\Local\\Temp\\tmpalk3kmjb\nplugins: anyio-4.11.0, langsmith-0.4.49, html-4.1.1, metadata-3.1.1\ncollecting ... collected 4 items\n\ntest_repaired_code.py::test_add_positive FAILED                          [ 25%]\ntest_repaired_code.py::test_add_zero PASSED                              [ 50%]\ntest_repaired_code.py::test_add_negative FAILED                          [ 75%]\ntest_repaired_code.py::test_identity PASSED                              [100%]\n\n================================== FAILURES ===================================\n______________________________ test_add_positive ______________________________\ntest_repaired_code.py:5: in test_add_positive\n    assert add(2, 3) == 5  # Will fail\n    ^^^^^^^^^^^^^^^^^^^^^\nE   assert -1 == 5\nE    +  where -1 = add(2, 3)\n______________________________ test_add_negative ______________________________\ntest_repaired_code.py:11: in test_add_negative\n    assert add(-1, 1) == 0  # Will pass accidentally (since -1 - 1 = 0)\n    ^^^^^^^^^^^^^^^^^^^^^^\nE   assert -2 == 0\nE    +  where -2 = add(-1, 1)\n=========================== short test summary info ===========================\nFAILED test_repaired_code.py::test_add_positive - assert -1 == 5\nFAILED test_repaired_code.py::test_add_negative - assert -2 == 0\n========================= 2 failed, 2 passed in 0.19s =========================\n\n", "summary": {"total": 4, "passed": 2, "failed": 2, "errors": 0}}, "failure_analysis": {"category": "LOGIC_ERROR", "reason": "Tests failed assertions (incorrect output)."}}
{"timestamp": "2025-12-27T11:58:56.510861", "bug_id": "test_factorial_buggy", "language": "python", "success": false, "hallucinations": [], "diff_size": 0, "execution": {"execution_success": false, "output": "============================= test session starts =============================\nplatform win32 -- Python 3.13.9, pytest-9.0.1, pluggy-1.6.0 -- C:\\Users\\omary\\AppData\\Local\\Programs\\Python\\Python313\\python.exe\ncachedir: .pytest_cache\nmetadata: {'Python': '3.13.9', 'Platform': 'Windows-11-10.0.22631-SP0', 'Packages': {'pytest': '9.0.1', 'pluggy': '1.6.0'}, 'Plugins': {'anyio': '4.11.0', 'langsmith': '0.4.49', 'html': '4.1.1', 'metadata': '3.1.1'}}\nrootdir: C:\\Users\\omary\\AppData\\Local\\Temp\\tmpi2gez0zn\nplugins: anyio-4.11.0, langsmith-0.4.49, html-4.1.1, metadata-3.1.1\ncollecting ... collected 4 items\n\ntest_repaired_code.py::test_factorial_zero PASSED                        [ 25%]\ntest_repaired_code.py::test_factorial_one PASSED                         [ 50%]\ntest_repaired_code.py::test_factorial_five FAILED                        [ 75%]\ntest_repaired_code.py::test_factorial_three FAILED                       [100%]\n\n================================== FAILURES ===================================\n_____________________________ test_factorial_five _____________________________\ntest_repaired_code.py:11: in test_factorial_five\n    assert factorial(5) == 120  # This will fail due to bug\n    ^^^^^^^^^^^^^^^^^^^^^^^^^^\nE   assert 24 == 120\nE    +  where 24 = factorial(5)\n____________________________ test_factorial_three _____________________________\ntest_repaired_code.py:14: in test_factorial_three\n    assert factorial(3) == 6  # This will fail due to bug\n    ^^^^^^^^^^^^^^^^^^^^^^^^\nE   assert 2 == 6\nE    +  where 2 = factorial(3)\n=========================== short test summary info ===========================\nFAILED test_repaired_code.py::test_factorial_five - assert 24 == 120\nFAILED test_repaired_code.py::test_factorial_three - assert 2 == 6\n========================= 2 failed, 2 passed in 0.18s =========================\n\n", "summary": {"total": 4, "passed": 2, "failed": 2, "errors": 0}}, "failure_analysis": {"category": "LOGIC_ERROR", "reason": "Tests failed assertions (incorrect output)."}}
{"timestamp": "2025-12-27T11:58:58.326978", "bug_id": "test_factorial_fixed", "language": "python", "success": true, "hallucinations": [], "diff_size": 5, "execution": {"execution_success": true, "output": "============================= test session starts =============================\nplatform win32 -- Python 3.13.9, pytest-9.0.1, pluggy-1.6.0 -- C:\\Users\\omary\\AppData\\Local\\Programs\\Python\\Python313\\python.exe\ncachedir: .pytest_cache\nmetadata: {'Python': '3.13.9', 'Platform': 'Windows-11-10.0.22631-SP0', 'Packages': {'pytest': '9.0.1', 'pluggy': '1.6.0'}, 'Plugins': {'anyio': '4.11.0', 'langsmith': '0.4.49', 'html': '4.1.1', 'metadata': '3.1.1'}}\nrootdir: C:\\Users\\omary\\AppData\\Local\\Temp\\tmp9n2d63ds\nplugins: anyio-4.11.0, langsmith-0.4.49, html-4.1.1, metadata-3.1.1\ncollecting ... collected 4 items\n\ntest_repaired_code.py::test_factorial_zero PASSED                        [ 25%]\ntest_repaired_code.py::test_factorial_one PASSED                         [ 50%]\ntest_repaired_code.py::test_factorial_five PASSED                        [ 75%]\ntest_repaired_code.py::test_factorial_three PASSED                       [100%]\n\n============================== 4 passed in 0.02s ==============================\n\n", "summary": {"total": 4, "passed": 4, "failed": 0, "errors": 0}}, "failure_analysis": {"category": "SUCCESS", "reason": "Tests passed"}}
{"timestamp": "2025-12-27T11:59:57.934282", "bug_id": "test_factorial_buggy", "language": "python", "success": false, "hallucinations": [], "diff_size": 0, "execution": {"execution_success": false, "output": "============================= test session starts =============================\nplatform win32 -- Python 3.13.9, pytest-9.0.1, pluggy-1.6.0 -- C:\\Users\\omary\\AppData\\Local\\Programs\\Python\\Python313\\python.exe\ncachedir: .pytest_cache\nmetadata: {'Python': '3.13.9', 'Platform': 'Windows-11-10.0.22631-SP0', 'Packages': {'pytest': '9.0.1', 'pluggy': '1.6.0'}, 'Plugins': {'anyio': '4.11.0', 'langsmith': '0.4.49', 'html': '4.1.1', 'metadata': '3.1.1'}}\nrootdir: C:\\Users\\omary\\AppData\\Local\\Temp\\tmpjoq8wpv0\nplugins: anyio-4.11.0, langsmith-0.4.49, html-4.1.1, metadata-3.1.1\ncollecting ... collected 4 items\n\ntest_repaired_code.py::test_factorial_zero PASSED                        [ 25%]\ntest_repaired_code.py::test_factorial_one PASSED                         [ 50%]\ntest_repaired_code.py::test_factorial_five FAILED                        [ 75%]\ntest_repaired_code.py::test_factorial_three FAILED                       [100%]\n\n================================== FAILURES ===================================\n_____________________________ test_factorial_five _____________________________\ntest_repaired_code.py:11: in test_factorial_five\n    assert factorial(5) == 120  # This will fail due to bug\n    ^^^^^^^^^^^^^^^^^^^^^^^^^^\nE   assert 24 == 120\nE    +  where 24 = factorial(5)\n____________________________ test_factorial_three _____________________________\ntest_repaired_code.py:14: in test_factorial_three\n    assert factorial(3) == 6  # This will fail due to bug\n    ^^^^^^^^^^^^^^^^^^^^^^^^\nE   assert 2 == 6\nE    +  where 2 = factorial(3)\n=========================== short test summary info ===========================\nFAILED test_repaired_code.py::test_factorial_five - assert 24 == 120\nFAILED test_repaired_code.py::test_factorial_three - assert 2 == 6\n========================= 2 failed, 2 passed in 0.15s =========================\n\n", "summary": {"total": 4, "passed": 2, "failed": 2, "errors": 0}}, "failure_analysis": {"category": "LOGIC_ERROR", "reason": "Tests failed assertions (incorrect output)."}}
{"timestamp": "2025-12-27T11:59:59.952964", "bug_id": "test_factorial_fixed", "language": "python", "success": true, "hallucinations": [], "diff_size": 5, "execution": {"execution_success": true, "output": "============================= test session starts =============================\nplatform win32 -- Python 3.13.9, pytest-9.0.1, pluggy-1.6.0 -- C:\\Users\\omary\\AppData\\Local\\Programs\\Python\\Python313\\python.exe\ncachedir: .pytest_cache\nmetadata: {'Python': '3.13.9', 'Platform': 'Windows-11-10.0.22631-SP0', 'Packages': {'pytest': '9.0.1', 'pluggy': '1.6.0'}, 'Plugins': {'anyio': '4.11.0', 'langsmith': '0.4.49', 'html': '4.1.1', 'metadata': '3.1.1'}}\nrootdir: C:\\Users\\omary\\AppData\\Local\\Temp\\tmpzv_wylxq\nplugins: anyio-4.11.0, langsmith-0.4.49, html-4.1.1, metadata-3.1.1\ncollecting ... collected 4 items\n\ntest_repaired_code.py::test_factorial_zero PASSED                        [ 25%]\ntest_repaired_code.py::test_factorial_one PASSED                         [ 50%]\ntest_repaired_code.py::test_factorial_five PASSED                        [ 75%]\ntest_repaired_code.py::test_factorial_three PASSED                       [100%]\n\n============================== 4 passed in 0.03s ==============================\n\n", "summary": {"total": 4, "passed": 4, "failed": 0, "errors": 0}}, "failure_analysis": {"category": "SUCCESS", "reason": "Tests passed"}}
{"timestamp": "2025-12-27T12:24:29.696000", "bug_id": "636d006a-981b-42b9-98f0-049e7551c2e9", "language": "Python", "success": true, "hallucinations": [], "diff_size": 0, "execution": {"execution_success": true, "output": "============================= test session starts =============================\nplatform win32 -- Python 3.13.9, pytest-9.0.1, pluggy-1.6.0 -- C:\\Users\\omary\\AppData\\Local\\Programs\\Python\\Python313\\python.exe\ncachedir: .pytest_cache\nmetadata: {'Python': '3.13.9', 'Platform': 'Windows-11-10.0.22631-SP0', 'Packages': {'pytest': '9.0.1', 'pluggy': '1.6.0'}, 'Plugins': {'anyio': '4.11.0', 'langsmith': '0.4.49', 'html': '4.1.1', 'metadata': '3.1.1'}}\nrootdir: C:\\Users\\omary\\AppData\\Local\\Temp\\tmpl8y6f95i\nplugins: anyio-4.11.0, langsmith-0.4.49, html-4.1.1, metadata-3.1.1\ncollecting ... collected 5 items\n\ntest_repaired_code.py::TestFindMax::test_empty_list PASSED               [ 20%]\ntest_repaired_code.py::TestFindMax::test_single_element_list PASSED      [ 40%]\ntest_repaired_code.py::TestFindMax::test_normal_positive_integers PASSED [ 60%]\ntest_repaired_code.py::TestFindMax::test_list_with_negative_numbers PASSED [ 80%]\ntest_repaired_code.py::TestFindMax::test_list_with_mixed_numbers_and_zero PASSED [100%]\n\n============================== 5 passed in 0.08s ==============================\n\n", "summary": {"total": 5, "passed": 5, "failed": 0, "errors": 0}}, "failure_analysis": {"category": "SUCCESS", "reason": "Tests passed"}}
{"timestamp": "2025-12-27T12:26:18.411561", "bug_id": "test_cpp_unsupported", "language": "C++", "success": false, "hallucinations": [], "diff_size": 0, "execution": {"execution_success": false, "output": "Unsupported language: 'C++'. Test execution is only supported for Python and Java. The repair agent can work with other languages (via translation), but runtime test validation is not available.", "summary": {"total": 0, "passed": 0, "failed": 0, "errors": 1}}, "failure_analysis": {"category": "UNKNOWN", "reason": "Unknown failure"}}
{"timestamp": "2025-12-27T12:29:35.697183", "bug_id": "c5bbeef6-7620-40d8-902c-e9b79b26c8cd", "language": "Python", "success": true, "hallucinations": [], "diff_size": 0, "execution": {"execution_success": true, "output": "============================= test session starts =============================\nplatform win32 -- Python 3.13.9, pytest-9.0.1, pluggy-1.6.0 -- C:\\Users\\omary\\AppData\\Local\\Programs\\Python\\Python313\\python.exe\ncachedir: .pytest_cache\nmetadata: {'Python': '3.13.9', 'Platform': 'Windows-11-10.0.22631-SP0', 'Packages': {'pytest': '9.0.1', 'pluggy': '1.6.0'}, 'Plugins': {'anyio': '4.11.0', 'langsmith': '0.4.49', 'html': '4.1.1', 'metadata': '3.1.1'}}\nrootdir: C:\\Users\\omary\\AppData\\Local\\Temp\\tmp9ywhrwp7\nplugins: anyio-4.11.0, langsmith-0.4.49, html-4.1.1, metadata-3.1.1\ncollecting ... collected 10 items\n\ntest_repaired_code.py::test_find_max_normal_positive_numbers PASSED      [ 10%]\ntest_repaired_code.py::test_find_max_with_negative_numbers PASSED        [ 20%]\ntest_repaired_code.py::test_find_max_single_element_list PASSED          [ 30%]\ntest_repaired_code.py::test_find_max_empty_list_raises_error PASSED      [ 40%]\ntest_repaired_code.py::test_find_max_with_boundaries_and_duplicates[numbers0-10] PASSED [ 50%]\ntest_repaired_code.py::test_find_max_with_boundaries_and_duplicates[numbers1-10] PASSED [ 60%]\ntest_repaired_code.py::test_find_max_with_boundaries_and_duplicates[numbers2-7] PASSED [ 70%]\ntest_repaired_code.py::test_find_max_with_boundaries_and_duplicates[numbers3-5] PASSED [ 80%]\ntest_repaired_code.py::test_find_max_with_boundaries_and_duplicates[numbers4-0] PASSED [ 90%]\ntest_repaired_code.py::test_find_max_with_boundaries_and_duplicates[numbers5--1] PASSED [100%]\n\n============================= 10 passed in 0.07s ==============================\n\n", "summary": {"total": 10, "passed": 10, "failed": 0, "errors": 0}}, "failure_analysis": {"category": "SUCCESS", "reason": "Tests passed"}}
{"timestamp": "2025-12-27T12:35:19.125839", "bug_id": "c0843aaf-f76b-4661-8a57-8ed2c27b410b", "language": "Python", "success": true, "hallucinations": [], "diff_size": 0, "execution": {"execution_success": true, "output": "============================= test session starts =============================\nplatform win32 -- Python 3.13.9, pytest-9.0.1, pluggy-1.6.0 -- C:\\Users\\omary\\AppData\\Local\\Programs\\Python\\Python313\\python.exe\ncachedir: .pytest_cache\nmetadata: {'Python': '3.13.9', 'Platform': 'Windows-11-10.0.22631-SP0', 'Packages': {'pytest': '9.0.1', 'pluggy': '1.6.0'}, 'Plugins': {'anyio': '4.11.0', 'langsmith': '0.4.49', 'html': '4.1.1', 'metadata': '3.1.1'}}\nrootdir: C:\\Users\\omary\\AppData\\Local\\Temp\\tmp3htuz6lr\nplugins: anyio-4.11.0, langsmith-0.4.49, html-4.1.1, metadata-3.1.1\ncollecting ... collected 5 items\n\ntest_repaired_code.py::TestFindMax::test_normal_positive_integers PASSED [ 20%]\ntest_repaired_code.py::TestFindMax::test_single_element_list PASSED      [ 40%]\ntest_repaired_code.py::TestFindMax::test_list_with_negative_numbers PASSED [ 60%]\ntest_repaired_code.py::TestFindMax::test_list_with_duplicate_maximums PASSED [ 80%]\ntest_repaired_code.py::TestFindMax::test_empty_list_raises_index_error PASSED [100%]\n\n============================== 5 passed in 0.07s ==============================\n\n", "summary": {"total": 5, "passed": 5, "failed": 0, "errors": 0}}, "failure_analysis": {"category": "SUCCESS", "reason": "Tests passed"}}
{"timestamp": "2025-12-27T12:42:12.266591", "bug_id": "a070ebe6-6567-49d3-a4a7-8913b51ae922", "language": "C++", "success": false, "hallucinations": [], "diff_size": 0, "execution": {"execution_success": false, "output": "Unsupported language: 'C++'. Test execution is only supported for Python and Java. The repair agent can work with other languages (via translation), but runtime test validation is not available.", "summary": {"total": 0, "passed": 0, "failed": 0, "errors": 1}}, "failure_analysis": {"category": "UNKNOWN", "reason": "Unknown failure"}}
{"timestamp": "2025-12-27T12:53:19.915417", "bug_id": "9b18f65e-9d80-4bdc-8f3e-58b115ffe805", "language": "Python", "success": true, "hallucinations": [], "diff_size": 0, "execution": {"execution_success": true, "output": "============================= test session starts =============================\nplatform win32 -- Python 3.13.9, pytest-9.0.1, pluggy-1.6.0 -- C:\\Users\\omary\\AppData\\Local\\Programs\\Python\\Python313\\python.exe\ncachedir: .pytest_cache\nmetadata: {'Python': '3.13.9', 'Platform': 'Windows-11-10.0.22631-SP0', 'Packages': {'pytest': '9.0.1', 'pluggy': '1.6.0'}, 'Plugins': {'anyio': '4.11.0', 'langsmith': '0.4.49', 'html': '4.1.1', 'metadata': '3.1.1'}}\nrootdir: C:\\Users\\omary\\AppData\\Local\\Temp\\tmpmiyf2l13\nplugins: anyio-4.11.0, langsmith-0.4.49, html-4.1.1, metadata-3.1.1\ncollecting ... collected 5 items\n\ntest_repaired_code.py::TestFindMax::test_find_max_normal_positive_numbers PASSED [ 20%]\ntest_repaired_code.py::TestFindMax::test_find_max_empty_array_raises_error PASSED [ 40%]\ntest_repaired_code.py::TestFindMax::test_find_max_single_element_array PASSED [ 60%]\ntest_repaired_code.py::TestFindMax::test_find_max_with_negative_and_mixed_numbers PASSED [ 80%]\ntest_repaired_code.py::TestFindMax::test_find_max_max_at_boundaries_and_duplicates PASSED [100%]\n\n============================== 5 passed in 0.12s ==============================\n\n", "summary": {"total": 5, "passed": 5, "failed": 0, "errors": 0}}, "failure_analysis": {"category": "SUCCESS", "reason": "Tests passed"}}
{"timestamp": "2025-12-27T12:58:45.500363", "bug_id": "a1c77ec9-e59e-49f7-b0af-c70b90504708", "language": "C++", "success": false, "hallucinations": [], "diff_size": 0, "execution": {"execution_success": false, "output": "Unsupported language: 'C++'. Test execution is only supported for Python and Java. The repair agent can work with other languages (via translation), but runtime test validation is not available.", "summary": {"total": 0, "passed": 0, "failed": 0, "errors": 1}}, "failure_analysis": {"category": "UNKNOWN", "reason": "Unknown failure"}}
{"timestamp": "2025-12-27T13:00:59.154220", "bug_id": "test-auto-cpp", "language": "C++", "success": false, "hallucinations": [], "diff_size": 0, "execution": {"execution_success": false, "output": "Unsupported language: 'C++'. Test execution is only supported for Python and Java. The repair agent can work with other languages (via translation), but runtime test validation is not available.", "summary": {"total": 0, "passed": 0, "failed": 0, "errors": 1}}, "failure_analysis": {"category": "UNKNOWN", "reason": "Unknown failure"}}
{"timestamp": "2025-12-27T13:02:39.811198", "bug_id": "test-wrong-lang-cpp", "language": "C++", "success": false, "hallucinations": [], "diff_size": 0, "execution": {"execution_success": false, "output": "Unsupported language: 'C++'. Test execution is only supported for Python and Java. The repair agent can work with other languages (via translation), but runtime test validation is not available.", "summary": {"total": 0, "passed": 0, "failed": 0, "errors": 1}}, "failure_analysis": {"category": "UNKNOWN", "reason": "Unknown failure"}}
{"timestamp": "2025-12-27T13:03:35.044410", "bug_id": "test-correct-cpp", "language": "C++", "success": false, "hallucinations": [], "diff_size": 0, "execution": {"execution_success": false, "output": "Unsupported language: 'C++'. Test execution is only supported for Python and Java. The repair agent can work with other languages (via translation), but runtime test validation is not available.", "summary": {"total": 0, "passed": 0, "failed": 0, "errors": 1}}, "failure_analysis": {"category": "UNKNOWN", "reason": "Unknown failure"}}
